-- The C compiler identification is GNU 11.4.0
-- The CXX compiler identification is GNU 11.4.0
-- Detecting C compiler ABI info
-- Detecting C compiler ABI info - done
-- Check for working C compiler: /usr/bin/cc - skipped
-- Detecting C compile features
-- Detecting C compile features - done
-- Detecting CXX compiler ABI info
-- Detecting CXX compiler ABI info - done
-- Check for working CXX compiler: /usr/bin/c++ - skipped
-- Detecting CXX compile features
-- Detecting CXX compile features - done
-- Found ament_cmake: 1.3.11 (/opt/ros/humble/share/ament_cmake/cmake)
-- Found Python3: /usr/bin/python3 (found version "3.10.12") found components: Interpreter 
-- Found rosidl_default_generators: 1.2.0 (/opt/ros/humble/share/rosidl_default_generators/cmake)
-- Using all available rosidl_typesupport_c: rosidl_typesupport_fastrtps_c;rosidl_typesupport_introspection_c
-- Found rosidl_adapter: 3.1.6 (/opt/ros/humble/share/rosidl_adapter/cmake)
-- Using all available rosidl_typesupport_cpp: rosidl_typesupport_fastrtps_cpp;rosidl_typesupport_introspection_cpp
-- Found ament_cmake_ros: 0.10.0 (/opt/ros/humble/share/ament_cmake_ros/cmake)
-- Using all available rosidl_typesupport_c: rosidl_typesupport_fastrtps_c;rosidl_typesupport_introspection_c
-- Using all available rosidl_typesupport_cpp: rosidl_typesupport_fastrtps_cpp;rosidl_typesupport_introspection_cpp
-- Found PythonInterp: /usr/bin/python3 (found suitable version "3.10.12", minimum required is "3.6") 
-- Found python_cmake_module: 0.10.0 (/opt/ros/humble/share/python_cmake_module/cmake)
-- Found PythonLibs: /usr/lib/x86_64-linux-gnu/libpython3.10.so (found suitable version "3.10.12", minimum required is "3.5") 
-- Using PYTHON_EXECUTABLE: /usr/bin/python3
-- Using PYTHON_INCLUDE_DIRS: /usr/include/python3.10
-- Using PYTHON_LIBRARIES: /usr/lib/x86_64-linux-gnu/libpython3.10.so
-- Found PythonExtra: .so  
-- Configuring done
-- Generating done
-- Build files have been written to: /var/www/html/build/mirs_msgs
[  1%] [34m[1mGenerating C code for ROS interfaces[0m
[  2%] [34m[1mGenerating C++ code for ROS interfaces[0m
[  2%] Built target ament_cmake_python_copy_mirs_msgs
running egg_info
creating mirs_msgs.egg-info
writing mirs_msgs.egg-info/PKG-INFO
writing dependency_links to mirs_msgs.egg-info/dependency_links.txt
writing top-level names to mirs_msgs.egg-info/top_level.txt
writing manifest file 'mirs_msgs.egg-info/SOURCES.txt'
reading manifest file 'mirs_msgs.egg-info/SOURCES.txt'
writing manifest file 'mirs_msgs.egg-info/SOURCES.txt'
[  2%] Built target ament_cmake_python_build_mirs_msgs_egg
[  3%] [32mBuilding C object CMakeFiles/mirs_msgs__rosidl_generator_c.dir/rosidl_generator_c/mirs_msgs/srv/detail/params__functions.c.o[0m
[  4%] [32mBuilding C object CMakeFiles/mirs_msgs__rosidl_generator_c.dir/rosidl_generator_c/mirs_msgs/srv/detail/parameter_update__functions.c.o[0m
[  5%] [32mBuilding C object CMakeFiles/mirs_msgs__rosidl_generator_c.dir/rosidl_generator_c/mirs_msgs/srv/detail/simple_command__functions.c.o[0m
[  6%] [32mBuilding C object CMakeFiles/mirs_msgs__rosidl_generator_c.dir/rosidl_generator_c/mirs_msgs/srv/detail/basic_command__functions.c.o[0m
[  8%] [32mBuilding C object CMakeFiles/mirs_msgs__rosidl_generator_c.dir/rosidl_generator_c/mirs_msgs/srv/detail/number_command__functions.c.o[0m
[  9%] [32mBuilding C object CMakeFiles/mirs_msgs__rosidl_generator_c.dir/rosidl_generator_c/mirs_msgs/msg/detail/basic_param__functions.c.o[0m
[  9%] Built target mirs_msgs__cpp
[ 10%] [32mBuilding C object CMakeFiles/mirs_msgs__rosidl_generator_c.dir/rosidl_generator_c/mirs_msgs/action/detail/trigger__functions.c.o[0m
[ 11%] [32mBuilding C object CMakeFiles/mirs_msgs__rosidl_generator_c.dir/rosidl_generator_c/mirs_msgs/action/detail/parameter_trigger__functions.c.o[0m
[ 12%] [34m[1mGenerating C++ type support dispatch for ROS interfaces[0m
[ 13%] [34m[1mGenerating C++ type support for eProsima Fast-RTPS[0m
[ 14%] [34m[1mGenerating C++ introspection for ROS interfaces[0m
[ 16%] [32m[1mLinking C shared library libmirs_msgs__rosidl_generator_c.so[0m
[ 16%] Built target mirs_msgs__rosidl_generator_c
[ 17%] [34m[1mGenerating C introspection for ROS interfaces[0m
[ 18%] [34m[1mGenerating C type support for eProsima Fast-RTPS[0m
[ 19%] [34m[1mGenerating C type support dispatch for ROS interfaces[0m
[ 20%] [32mBuilding CXX object CMakeFiles/mirs_msgs__rosidl_typesupport_cpp.dir/rosidl_typesupport_cpp/mirs_msgs/srv/params__type_support.cpp.o[0m
[ 21%] [32mBuilding CXX object CMakeFiles/mirs_msgs__rosidl_typesupport_cpp.dir/rosidl_typesupport_cpp/mirs_msgs/srv/simple_command__type_support.cpp.o[0m
[ 22%] [32mBuilding CXX object CMakeFiles/mirs_msgs__rosidl_typesupport_cpp.dir/rosidl_typesupport_cpp/mirs_msgs/srv/parameter_update__type_support.cpp.o[0m
[ 24%] [32mBuilding CXX object CMakeFiles/mirs_msgs__rosidl_typesupport_introspection_cpp.dir/rosidl_typesupport_introspection_cpp/mirs_msgs/srv/detail/params__type_support.cpp.o[0m
[ 25%] [32mBuilding CXX object CMakeFiles/mirs_msgs__rosidl_typesupport_c.dir/rosidl_typesupport_c/mirs_msgs/srv/params__type_support.cpp.o[0m
[ 26%] [32mBuilding CXX object CMakeFiles/mirs_msgs__rosidl_typesupport_c.dir/rosidl_typesupport_c/mirs_msgs/srv/parameter_update__type_support.cpp.o[0m
[ 27%] [32mBuilding CXX object CMakeFiles/mirs_msgs__rosidl_typesupport_c.dir/rosidl_typesupport_c/mirs_msgs/srv/simple_command__type_support.cpp.o[0m
[ 28%] [32mBuilding CXX object CMakeFiles/mirs_msgs__rosidl_typesupport_c.dir/rosidl_typesupport_c/mirs_msgs/srv/basic_command__type_support.cpp.o[0m
[ 29%] [32mBuilding CXX object CMakeFiles/mirs_msgs__rosidl_typesupport_c.dir/rosidl_typesupport_c/mirs_msgs/srv/number_command__type_support.cpp.o[0m
[ 31%] [32mBuilding CXX object CMakeFiles/mirs_msgs__rosidl_typesupport_cpp.dir/rosidl_typesupport_cpp/mirs_msgs/srv/basic_command__type_support.cpp.o[0m
[ 32%] [32mBuilding CXX object CMakeFiles/mirs_msgs__rosidl_typesupport_c.dir/rosidl_typesupport_c/mirs_msgs/msg/basic_param__type_support.cpp.o[0m
[ 33%] [32mBuilding CXX object CMakeFiles/mirs_msgs__rosidl_typesupport_fastrtps_cpp.dir/rosidl_typesupport_fastrtps_cpp/mirs_msgs/srv/detail/dds_fastrtps/params__type_support.cpp.o[0m
[ 34%] [32mBuilding C object CMakeFiles/mirs_msgs__rosidl_typesupport_introspection_c.dir/rosidl_typesupport_introspection_c/mirs_msgs/srv/detail/params__type_support.c.o[0m
[ 35%] [32mBuilding CXX object CMakeFiles/mirs_msgs__rosidl_typesupport_c.dir/rosidl_typesupport_c/mirs_msgs/action/trigger__type_support.cpp.o[0m
[ 36%] [32mBuilding CXX object CMakeFiles/mirs_msgs__rosidl_typesupport_fastrtps_cpp.dir/rosidl_typesupport_fastrtps_cpp/mirs_msgs/srv/detail/dds_fastrtps/parameter_update__type_support.cpp.o[0m
[ 37%] [32mBuilding CXX object CMakeFiles/mirs_msgs__rosidl_typesupport_cpp.dir/rosidl_typesupport_cpp/mirs_msgs/srv/number_command__type_support.cpp.o[0m
[ 39%] [32mBuilding C object CMakeFiles/mirs_msgs__rosidl_typesupport_introspection_c.dir/rosidl_typesupport_introspection_c/mirs_msgs/srv/detail/parameter_update__type_support.c.o[0m
[ 40%] [32mBuilding CXX object CMakeFiles/mirs_msgs__rosidl_typesupport_c.dir/rosidl_typesupport_c/mirs_msgs/action/parameter_trigger__type_support.cpp.o[0m
[ 41%] [32mBuilding C object CMakeFiles/mirs_msgs__rosidl_typesupport_introspection_c.dir/rosidl_typesupport_introspection_c/mirs_msgs/srv/detail/simple_command__type_support.c.o[0m
[ 42%] [32m[1mLinking CXX shared library libmirs_msgs__rosidl_typesupport_c.so[0m
[ 43%] [32mBuilding C object CMakeFiles/mirs_msgs__rosidl_typesupport_introspection_c.dir/rosidl_typesupport_introspection_c/mirs_msgs/srv/detail/basic_command__type_support.c.o[0m
[ 44%] [32mBuilding C object CMakeFiles/mirs_msgs__rosidl_typesupport_introspection_c.dir/rosidl_typesupport_introspection_c/mirs_msgs/srv/detail/number_command__type_support.c.o[0m
[ 45%] [32mBuilding CXX object CMakeFiles/mirs_msgs__rosidl_typesupport_fastrtps_c.dir/rosidl_typesupport_fastrtps_c/mirs_msgs/srv/detail/params__type_support_c.cpp.o[0m
[ 47%] [32mBuilding C object CMakeFiles/mirs_msgs__rosidl_typesupport_introspection_c.dir/rosidl_typesupport_introspection_c/mirs_msgs/msg/detail/basic_param__type_support.c.o[0m
[ 48%] [32mBuilding C object CMakeFiles/mirs_msgs__rosidl_typesupport_introspection_c.dir/rosidl_typesupport_introspection_c/mirs_msgs/action/detail/trigger__type_support.c.o[0m
[ 49%] [32mBuilding C object CMakeFiles/mirs_msgs__rosidl_typesupport_introspection_c.dir/rosidl_typesupport_introspection_c/mirs_msgs/action/detail/parameter_trigger__type_support.c.o[0m
[ 50%] [32mBuilding CXX object CMakeFiles/mirs_msgs__rosidl_typesupport_introspection_cpp.dir/rosidl_typesupport_introspection_cpp/mirs_msgs/srv/detail/parameter_update__type_support.cpp.o[0m
[ 51%] [32mBuilding CXX object CMakeFiles/mirs_msgs__rosidl_typesupport_cpp.dir/rosidl_typesupport_cpp/mirs_msgs/msg/basic_param__type_support.cpp.o[0m
[ 51%] Built target mirs_msgs__rosidl_typesupport_c
[ 52%] [32mBuilding CXX object CMakeFiles/mirs_msgs__rosidl_typesupport_cpp.dir/rosidl_typesupport_cpp/mirs_msgs/action/trigger__type_support.cpp.o[0m
[ 54%] [32m[1mLinking C shared library libmirs_msgs__rosidl_typesupport_introspection_c.so[0m
[ 55%] [32mBuilding CXX object CMakeFiles/mirs_msgs__rosidl_typesupport_cpp.dir/rosidl_typesupport_cpp/mirs_msgs/action/parameter_trigger__type_support.cpp.o[0m
[ 55%] Built target mirs_msgs__rosidl_typesupport_introspection_c
[ 56%] [32mBuilding CXX object CMakeFiles/mirs_msgs__rosidl_typesupport_introspection_cpp.dir/rosidl_typesupport_introspection_cpp/mirs_msgs/srv/detail/simple_command__type_support.cpp.o[0m
[ 57%] [32mBuilding CXX object CMakeFiles/mirs_msgs__rosidl_typesupport_fastrtps_cpp.dir/rosidl_typesupport_fastrtps_cpp/mirs_msgs/srv/detail/dds_fastrtps/simple_command__type_support.cpp.o[0m
[ 58%] [32mBuilding CXX object CMakeFiles/mirs_msgs__rosidl_typesupport_fastrtps_cpp.dir/rosidl_typesupport_fastrtps_cpp/mirs_msgs/srv/detail/dds_fastrtps/basic_command__type_support.cpp.o[0m
[ 59%] [32mBuilding CXX object CMakeFiles/mirs_msgs__rosidl_typesupport_fastrtps_cpp.dir/rosidl_typesupport_fastrtps_cpp/mirs_msgs/srv/detail/dds_fastrtps/number_command__type_support.cpp.o[0m
[ 60%] [32mBuilding CXX object CMakeFiles/mirs_msgs__rosidl_typesupport_fastrtps_c.dir/rosidl_typesupport_fastrtps_c/mirs_msgs/srv/detail/parameter_update__type_support_c.cpp.o[0m
[ 62%] [32mBuilding CXX object CMakeFiles/mirs_msgs__rosidl_typesupport_introspection_cpp.dir/rosidl_typesupport_introspection_cpp/mirs_msgs/srv/detail/basic_command__type_support.cpp.o[0m
[ 63%] [32mBuilding CXX object CMakeFiles/mirs_msgs__rosidl_typesupport_introspection_cpp.dir/rosidl_typesupport_introspection_cpp/mirs_msgs/srv/detail/number_command__type_support.cpp.o[0m
[ 64%] [32m[1mLinking CXX shared library libmirs_msgs__rosidl_typesupport_cpp.so[0m
[ 65%] [32mBuilding CXX object CMakeFiles/mirs_msgs__rosidl_typesupport_introspection_cpp.dir/rosidl_typesupport_introspection_cpp/mirs_msgs/msg/detail/basic_param__type_support.cpp.o[0m
[ 65%] Built target mirs_msgs__rosidl_typesupport_cpp
[ 66%] [32mBuilding CXX object CMakeFiles/mirs_msgs__rosidl_typesupport_fastrtps_c.dir/rosidl_typesupport_fastrtps_c/mirs_msgs/srv/detail/simple_command__type_support_c.cpp.o[0m
[ 67%] [32mBuilding CXX object CMakeFiles/mirs_msgs__rosidl_typesupport_fastrtps_c.dir/rosidl_typesupport_fastrtps_c/mirs_msgs/srv/detail/basic_command__type_support_c.cpp.o[0m
[ 68%] [32mBuilding CXX object CMakeFiles/mirs_msgs__rosidl_typesupport_fastrtps_cpp.dir/rosidl_typesupport_fastrtps_cpp/mirs_msgs/msg/detail/dds_fastrtps/basic_param__type_support.cpp.o[0m
[ 70%] [32mBuilding CXX object CMakeFiles/mirs_msgs__rosidl_typesupport_fastrtps_cpp.dir/rosidl_typesupport_fastrtps_cpp/mirs_msgs/action/detail/dds_fastrtps/trigger__type_support.cpp.o[0m
[ 71%] [32mBuilding CXX object CMakeFiles/mirs_msgs__rosidl_typesupport_fastrtps_cpp.dir/rosidl_typesupport_fastrtps_cpp/mirs_msgs/action/detail/dds_fastrtps/parameter_trigger__type_support.cpp.o[0m
[ 72%] [32mBuilding CXX object CMakeFiles/mirs_msgs__rosidl_typesupport_introspection_cpp.dir/rosidl_typesupport_introspection_cpp/mirs_msgs/action/detail/trigger__type_support.cpp.o[0m
[ 73%] [32mBuilding CXX object CMakeFiles/mirs_msgs__rosidl_typesupport_introspection_cpp.dir/rosidl_typesupport_introspection_cpp/mirs_msgs/action/detail/parameter_trigger__type_support.cpp.o[0m
[ 74%] [32mBuilding CXX object CMakeFiles/mirs_msgs__rosidl_typesupport_fastrtps_c.dir/rosidl_typesupport_fastrtps_c/mirs_msgs/srv/detail/number_command__type_support_c.cpp.o[0m
[ 75%] [32mBuilding CXX object CMakeFiles/mirs_msgs__rosidl_typesupport_fastrtps_c.dir/rosidl_typesupport_fastrtps_c/mirs_msgs/msg/detail/basic_param__type_support_c.cpp.o[0m
[ 77%] [32mBuilding CXX object CMakeFiles/mirs_msgs__rosidl_typesupport_fastrtps_c.dir/rosidl_typesupport_fastrtps_c/mirs_msgs/action/detail/trigger__type_support_c.cpp.o[0m
[ 78%] [32mBuilding CXX object CMakeFiles/mirs_msgs__rosidl_typesupport_fastrtps_c.dir/rosidl_typesupport_fastrtps_c/mirs_msgs/action/detail/parameter_trigger__type_support_c.cpp.o[0m
[ 79%] [32m[1mLinking CXX shared library libmirs_msgs__rosidl_typesupport_fastrtps_cpp.so[0m
[ 80%] [32m[1mLinking CXX shared library libmirs_msgs__rosidl_typesupport_introspection_cpp.so[0m
[ 80%] Built target mirs_msgs__rosidl_typesupport_fastrtps_cpp
[ 80%] Built target mirs_msgs__rosidl_typesupport_introspection_cpp
[ 81%] [32m[1mLinking CXX shared library libmirs_msgs__rosidl_typesupport_fastrtps_c.so[0m
[ 81%] Built target mirs_msgs__rosidl_typesupport_fastrtps_c
[ 81%] Built target mirs_msgs
[ 82%] [34m[1mGenerating Python code for ROS interfaces[0m
[ 82%] Built target mirs_msgs__py
[ 83%] [32mBuilding C object CMakeFiles/mirs_msgs__rosidl_generator_py.dir/rosidl_generator_py/mirs_msgs/srv/_params_s.c.o[0m
[ 85%] [32mBuilding C object CMakeFiles/mirs_msgs__rosidl_generator_py.dir/rosidl_generator_py/mirs_msgs/srv/_parameter_update_s.c.o[0m
[ 87%] [32mBuilding C object CMakeFiles/mirs_msgs__rosidl_generator_py.dir/rosidl_generator_py/mirs_msgs/srv/_number_command_s.c.o[0m
[ 87%] [32mBuilding C object CMakeFiles/mirs_msgs__rosidl_generator_py.dir/rosidl_generator_py/mirs_msgs/srv/_basic_command_s.c.o[0m
[ 88%] [32mBuilding C object CMakeFiles/mirs_msgs__rosidl_generator_py.dir/rosidl_generator_py/mirs_msgs/srv/_simple_command_s.c.o[0m
[ 89%] [32mBuilding C object CMakeFiles/mirs_msgs__rosidl_generator_py.dir/rosidl_generator_py/mirs_msgs/msg/_basic_param_s.c.o[0m
[ 90%] [32mBuilding C object CMakeFiles/mirs_msgs__rosidl_generator_py.dir/rosidl_generator_py/mirs_msgs/action/_parameter_trigger_s.c.o[0m
[ 91%] [32mBuilding C object CMakeFiles/mirs_msgs__rosidl_generator_py.dir/rosidl_generator_py/mirs_msgs/action/_trigger_s.c.o[0m
[ 93%] [32m[1mLinking C shared library rosidl_generator_py/mirs_msgs/libmirs_msgs__rosidl_generator_py.so[0m
[ 93%] Built target mirs_msgs__rosidl_generator_py
[ 94%] [32mBuilding C object CMakeFiles/mirs_msgs__rosidl_typesupport_fastrtps_c__pyext.dir/rosidl_generator_py/mirs_msgs/_mirs_msgs_s.ep.rosidl_typesupport_fastrtps_c.c.o[0m
[ 95%] [32mBuilding C object CMakeFiles/mirs_msgs__rosidl_typesupport_introspection_c__pyext.dir/rosidl_generator_py/mirs_msgs/_mirs_msgs_s.ep.rosidl_typesupport_introspection_c.c.o[0m
[ 96%] [32mBuilding C object CMakeFiles/mirs_msgs__rosidl_typesupport_c__pyext.dir/rosidl_generator_py/mirs_msgs/_mirs_msgs_s.ep.rosidl_typesupport_c.c.o[0m
[ 97%] [32m[1mLinking C shared library rosidl_generator_py/mirs_msgs/mirs_msgs_s__rosidl_typesupport_c.cpython-310-x86_64-linux-gnu.so[0m
[ 98%] [32m[1mLinking C shared library rosidl_generator_py/mirs_msgs/mirs_msgs_s__rosidl_typesupport_fastrtps_c.cpython-310-x86_64-linux-gnu.so[0m
[100%] [32m[1mLinking C shared library rosidl_generator_py/mirs_msgs/mirs_msgs_s__rosidl_typesupport_introspection_c.cpython-310-x86_64-linux-gnu.so[0m
[100%] Built target mirs_msgs__rosidl_typesupport_c__pyext
[100%] Built target mirs_msgs__rosidl_typesupport_fastrtps_c__pyext
[100%] Built target mirs_msgs__rosidl_typesupport_introspection_c__pyext
-- Install configuration: ""
-- Installing: /var/www/html/install/mirs_msgs/share/ament_index/resource_index/rosidl_interfaces/mirs_msgs
-- Installing: /var/www/html/install/mirs_msgs/include/mirs_msgs/mirs_msgs
-- Installing: /var/www/html/install/mirs_msgs/include/mirs_msgs/mirs_msgs/srv
-- Installing: /var/www/html/install/mirs_msgs/include/mirs_msgs/mirs_msgs/srv/basic_command.h
-- Installing: /var/www/html/install/mirs_msgs/include/mirs_msgs/mirs_msgs/srv/simple_command.h
-- Installing: /var/www/html/install/mirs_msgs/include/mirs_msgs/mirs_msgs/srv/number_command.h
-- Installing: /var/www/html/install/mirs_msgs/include/mirs_msgs/mirs_msgs/srv/detail
-- Installing: /var/www/html/install/mirs_msgs/include/mirs_msgs/mirs_msgs/srv/detail/simple_command__functions.h
-- Installing: /var/www/html/install/mirs_msgs/include/mirs_msgs/mirs_msgs/srv/detail/parameter_update__type_support.h
-- Installing: /var/www/html/install/mirs_msgs/include/mirs_msgs/mirs_msgs/srv/detail/params__struct.h
-- Installing: /var/www/html/install/mirs_msgs/include/mirs_msgs/mirs_msgs/srv/detail/simple_command__struct.h
-- Installing: /var/www/html/install/mirs_msgs/include/mirs_msgs/mirs_msgs/srv/detail/number_command__functions.h
-- Installing: /var/www/html/install/mirs_msgs/include/mirs_msgs/mirs_msgs/srv/detail/simple_command__functions.c
-- Installing: /var/www/html/install/mirs_msgs/include/mirs_msgs/mirs_msgs/srv/detail/parameter_update__functions.h
-- Installing: /var/www/html/install/mirs_msgs/include/mirs_msgs/mirs_msgs/srv/detail/params__functions.c
-- Installing: /var/www/html/install/mirs_msgs/include/mirs_msgs/mirs_msgs/srv/detail/number_command__functions.c
-- Installing: /var/www/html/install/mirs_msgs/include/mirs_msgs/mirs_msgs/srv/detail/basic_command__struct.h
-- Installing: /var/www/html/install/mirs_msgs/include/mirs_msgs/mirs_msgs/srv/detail/parameter_update__functions.c
-- Installing: /var/www/html/install/mirs_msgs/include/mirs_msgs/mirs_msgs/srv/detail/parameter_update__struct.h
-- Installing: /var/www/html/install/mirs_msgs/include/mirs_msgs/mirs_msgs/srv/detail/basic_command__type_support.h
-- Installing: /var/www/html/install/mirs_msgs/include/mirs_msgs/mirs_msgs/srv/detail/basic_command__functions.h
-- Installing: /var/www/html/install/mirs_msgs/include/mirs_msgs/mirs_msgs/srv/detail/simple_command__type_support.h
-- Installing: /var/www/html/install/mirs_msgs/include/mirs_msgs/mirs_msgs/srv/detail/params__type_support.h
-- Installing: /var/www/html/install/mirs_msgs/include/mirs_msgs/mirs_msgs/srv/detail/number_command__type_support.h
-- Installing: /var/www/html/install/mirs_msgs/include/mirs_msgs/mirs_msgs/srv/detail/number_command__struct.h
-- Installing: /var/www/html/install/mirs_msgs/include/mirs_msgs/mirs_msgs/srv/detail/basic_command__functions.c
-- Installing: /var/www/html/install/mirs_msgs/include/mirs_msgs/mirs_msgs/srv/detail/params__functions.h
-- Installing: /var/www/html/install/mirs_msgs/include/mirs_msgs/mirs_msgs/srv/params.h
-- Installing: /var/www/html/install/mirs_msgs/include/mirs_msgs/mirs_msgs/srv/parameter_update.h
-- Installing: /var/www/html/install/mirs_msgs/include/mirs_msgs/mirs_msgs/action
-- Installing: /var/www/html/install/mirs_msgs/include/mirs_msgs/mirs_msgs/action/detail
-- Installing: /var/www/html/install/mirs_msgs/include/mirs_msgs/mirs_msgs/action/detail/trigger__functions.c
-- Installing: /var/www/html/install/mirs_msgs/include/mirs_msgs/mirs_msgs/action/detail/trigger__functions.h
-- Installing: /var/www/html/install/mirs_msgs/include/mirs_msgs/mirs_msgs/action/detail/parameter_trigger__type_support.h
-- Installing: /var/www/html/install/mirs_msgs/include/mirs_msgs/mirs_msgs/action/detail/trigger__struct.h
-- Installing: /var/www/html/install/mirs_msgs/include/mirs_msgs/mirs_msgs/action/detail/parameter_trigger__functions.h
-- Installing: /var/www/html/install/mirs_msgs/include/mirs_msgs/mirs_msgs/action/detail/parameter_trigger__struct.h
-- Installing: /var/www/html/install/mirs_msgs/include/mirs_msgs/mirs_msgs/action/detail/parameter_trigger__functions.c
-- Installing: /var/www/html/install/mirs_msgs/include/mirs_msgs/mirs_msgs/action/detail/trigger__type_support.h
-- Installing: /var/www/html/install/mirs_msgs/include/mirs_msgs/mirs_msgs/action/trigger.h
-- Installing: /var/www/html/install/mirs_msgs/include/mirs_msgs/mirs_msgs/action/parameter_trigger.h
-- Installing: /var/www/html/install/mirs_msgs/include/mirs_msgs/mirs_msgs/msg
-- Installing: /var/www/html/install/mirs_msgs/include/mirs_msgs/mirs_msgs/msg/basic_param.h
-- Installing: /var/www/html/install/mirs_msgs/include/mirs_msgs/mirs_msgs/msg/detail
-- Installing: /var/www/html/install/mirs_msgs/include/mirs_msgs/mirs_msgs/msg/detail/basic_param__struct.h
-- Installing: /var/www/html/install/mirs_msgs/include/mirs_msgs/mirs_msgs/msg/detail/basic_param__type_support.h
-- Installing: /var/www/html/install/mirs_msgs/include/mirs_msgs/mirs_msgs/msg/detail/basic_param__functions.h
-- Installing: /var/www/html/install/mirs_msgs/include/mirs_msgs/mirs_msgs/msg/detail/basic_param__functions.c
-- Installing: /var/www/html/install/mirs_msgs/include/mirs_msgs/mirs_msgs/msg/rosidl_generator_c__visibility_control.h
-- Installing: /var/www/html/install/mirs_msgs/share/mirs_msgs/environment/library_path.sh
-- Installing: /var/www/html/install/mirs_msgs/share/mirs_msgs/environment/library_path.dsv
-- Installing: /var/www/html/install/mirs_msgs/lib/libmirs_msgs__rosidl_generator_c.so
-- Set runtime path of "/var/www/html/install/mirs_msgs/lib/libmirs_msgs__rosidl_generator_c.so" to ""
-- Up-to-date: /var/www/html/install/mirs_msgs/include/mirs_msgs/mirs_msgs
-- Up-to-date: /var/www/html/install/mirs_msgs/include/mirs_msgs/mirs_msgs/srv
-- Up-to-date: /var/www/html/install/mirs_msgs/include/mirs_msgs/mirs_msgs/srv/detail
-- Installing: /var/www/html/install/mirs_msgs/include/mirs_msgs/mirs_msgs/srv/detail/number_command__rosidl_typesupport_fastrtps_c.h
-- Installing: /var/www/html/install/mirs_msgs/include/mirs_msgs/mirs_msgs/srv/detail/params__rosidl_typesupport_fastrtps_c.h
-- Installing: /var/www/html/install/mirs_msgs/include/mirs_msgs/mirs_msgs/srv/detail/simple_command__rosidl_typesupport_fastrtps_c.h
-- Installing: /var/www/html/install/mirs_msgs/include/mirs_msgs/mirs_msgs/srv/detail/parameter_update__rosidl_typesupport_fastrtps_c.h
-- Installing: /var/www/html/install/mirs_msgs/include/mirs_msgs/mirs_msgs/srv/detail/basic_command__rosidl_typesupport_fastrtps_c.h
-- Up-to-date: /var/www/html/install/mirs_msgs/include/mirs_msgs/mirs_msgs/action
-- Up-to-date: /var/www/html/install/mirs_msgs/include/mirs_msgs/mirs_msgs/action/detail
-- Installing: /var/www/html/install/mirs_msgs/include/mirs_msgs/mirs_msgs/action/detail/parameter_trigger__rosidl_typesupport_fastrtps_c.h
-- Installing: /var/www/html/install/mirs_msgs/include/mirs_msgs/mirs_msgs/action/detail/trigger__rosidl_typesupport_fastrtps_c.h
-- Up-to-date: /var/www/html/install/mirs_msgs/include/mirs_msgs/mirs_msgs/msg
-- Installing: /var/www/html/install/mirs_msgs/include/mirs_msgs/mirs_msgs/msg/rosidl_typesupport_fastrtps_c__visibility_control.h
-- Up-to-date: /var/www/html/install/mirs_msgs/include/mirs_msgs/mirs_msgs/msg/detail
-- Installing: /var/www/html/install/mirs_msgs/include/mirs_msgs/mirs_msgs/msg/detail/basic_param__rosidl_typesupport_fastrtps_c.h
-- Installing: /var/www/html/install/mirs_msgs/lib/libmirs_msgs__rosidl_typesupport_fastrtps_c.so
-- Set runtime path of "/var/www/html/install/mirs_msgs/lib/libmirs_msgs__rosidl_typesupport_fastrtps_c.so" to ""
-- Up-to-date: /var/www/html/install/mirs_msgs/include/mirs_msgs/mirs_msgs
-- Up-to-date: /var/www/html/install/mirs_msgs/include/mirs_msgs/mirs_msgs/srv
-- Up-to-date: /var/www/html/install/mirs_msgs/include/mirs_msgs/mirs_msgs/srv/detail
-- Installing: /var/www/html/install/mirs_msgs/include/mirs_msgs/mirs_msgs/srv/detail/params__rosidl_typesupport_introspection_c.h
-- Installing: /var/www/html/install/mirs_msgs/include/mirs_msgs/mirs_msgs/srv/detail/parameter_update__rosidl_typesupport_introspection_c.h
-- Installing: /var/www/html/install/mirs_msgs/include/mirs_msgs/mirs_msgs/srv/detail/number_command__type_support.c
-- Installing: /var/www/html/install/mirs_msgs/include/mirs_msgs/mirs_msgs/srv/detail/simple_command__rosidl_typesupport_introspection_c.h
-- Installing: /var/www/html/install/mirs_msgs/include/mirs_msgs/mirs_msgs/srv/detail/basic_command__type_support.c
-- Installing: /var/www/html/install/mirs_msgs/include/mirs_msgs/mirs_msgs/srv/detail/number_command__rosidl_typesupport_introspection_c.h
-- Installing: /var/www/html/install/mirs_msgs/include/mirs_msgs/mirs_msgs/srv/detail/params__type_support.c
-- Installing: /var/www/html/install/mirs_msgs/include/mirs_msgs/mirs_msgs/srv/detail/parameter_update__type_support.c
-- Installing: /var/www/html/install/mirs_msgs/include/mirs_msgs/mirs_msgs/srv/detail/simple_command__type_support.c
-- Installing: /var/www/html/install/mirs_msgs/include/mirs_msgs/mirs_msgs/srv/detail/basic_command__rosidl_typesupport_introspection_c.h
-- Up-to-date: /var/www/html/install/mirs_msgs/include/mirs_msgs/mirs_msgs/action
-- Up-to-date: /var/www/html/install/mirs_msgs/include/mirs_msgs/mirs_msgs/action/detail
-- Installing: /var/www/html/install/mirs_msgs/include/mirs_msgs/mirs_msgs/action/detail/parameter_trigger__type_support.c
-- Installing: /var/www/html/install/mirs_msgs/include/mirs_msgs/mirs_msgs/action/detail/parameter_trigger__rosidl_typesupport_introspection_c.h
-- Installing: /var/www/html/install/mirs_msgs/include/mirs_msgs/mirs_msgs/action/detail/trigger__type_support.c
-- Installing: /var/www/html/install/mirs_msgs/include/mirs_msgs/mirs_msgs/action/detail/trigger__rosidl_typesupport_introspection_c.h
-- Up-to-date: /var/www/html/install/mirs_msgs/include/mirs_msgs/mirs_msgs/msg
-- Up-to-date: /var/www/html/install/mirs_msgs/include/mirs_msgs/mirs_msgs/msg/detail
-- Installing: /var/www/html/install/mirs_msgs/include/mirs_msgs/mirs_msgs/msg/detail/basic_param__type_support.c
-- Installing: /var/www/html/install/mirs_msgs/include/mirs_msgs/mirs_msgs/msg/detail/basic_param__rosidl_typesupport_introspection_c.h
-- Installing: /var/www/html/install/mirs_msgs/include/mirs_msgs/mirs_msgs/msg/rosidl_typesupport_introspection_c__visibility_control.h
-- Installing: /var/www/html/install/mirs_msgs/lib/libmirs_msgs__rosidl_typesupport_introspection_c.so
-- Set runtime path of "/var/www/html/install/mirs_msgs/lib/libmirs_msgs__rosidl_typesupport_introspection_c.so" to ""
-- Installing: /var/www/html/install/mirs_msgs/lib/libmirs_msgs__rosidl_typesupport_c.so
-- Set runtime path of "/var/www/html/install/mirs_msgs/lib/libmirs_msgs__rosidl_typesupport_c.so" to ""
-- Up-to-date: /var/www/html/install/mirs_msgs/include/mirs_msgs/mirs_msgs
-- Up-to-date: /var/www/html/install/mirs_msgs/include/mirs_msgs/mirs_msgs/srv
-- Installing: /var/www/html/install/mirs_msgs/include/mirs_msgs/mirs_msgs/srv/simple_command.hpp
-- Installing: /var/www/html/install/mirs_msgs/include/mirs_msgs/mirs_msgs/srv/number_command.hpp
-- Installing: /var/www/html/install/mirs_msgs/include/mirs_msgs/mirs_msgs/srv/basic_command.hpp
-- Up-to-date: /var/www/html/install/mirs_msgs/include/mirs_msgs/mirs_msgs/srv/detail
-- Installing: /var/www/html/install/mirs_msgs/include/mirs_msgs/mirs_msgs/srv/detail/basic_command__type_support.hpp
-- Installing: /var/www/html/install/mirs_msgs/include/mirs_msgs/mirs_msgs/srv/detail/parameter_update__type_support.hpp
-- Installing: /var/www/html/install/mirs_msgs/include/mirs_msgs/mirs_msgs/srv/detail/basic_command__struct.hpp
-- Installing: /var/www/html/install/mirs_msgs/include/mirs_msgs/mirs_msgs/srv/detail/params__traits.hpp
-- Installing: /var/www/html/install/mirs_msgs/include/mirs_msgs/mirs_msgs/srv/detail/basic_command__builder.hpp
-- Installing: /var/www/html/install/mirs_msgs/include/mirs_msgs/mirs_msgs/srv/detail/parameter_update__builder.hpp
-- Installing: /var/www/html/install/mirs_msgs/include/mirs_msgs/mirs_msgs/srv/detail/params__builder.hpp
-- Installing: /var/www/html/install/mirs_msgs/include/mirs_msgs/mirs_msgs/srv/detail/params__struct.hpp
-- Installing: /var/www/html/install/mirs_msgs/include/mirs_msgs/mirs_msgs/srv/detail/number_command__builder.hpp
-- Installing: /var/www/html/install/mirs_msgs/include/mirs_msgs/mirs_msgs/srv/detail/simple_command__traits.hpp
-- Installing: /var/www/html/install/mirs_msgs/include/mirs_msgs/mirs_msgs/srv/detail/simple_command__builder.hpp
-- Installing: /var/www/html/install/mirs_msgs/include/mirs_msgs/mirs_msgs/srv/detail/params__type_support.hpp
-- Installing: /var/www/html/install/mirs_msgs/include/mirs_msgs/mirs_msgs/srv/detail/simple_command__type_support.hpp
-- Installing: /var/www/html/install/mirs_msgs/include/mirs_msgs/mirs_msgs/srv/detail/parameter_update__struct.hpp
-- Installing: /var/www/html/install/mirs_msgs/include/mirs_msgs/mirs_msgs/srv/detail/basic_command__traits.hpp
-- Installing: /var/www/html/install/mirs_msgs/include/mirs_msgs/mirs_msgs/srv/detail/number_command__traits.hpp
-- Installing: /var/www/html/install/mirs_msgs/include/mirs_msgs/mirs_msgs/srv/detail/number_command__struct.hpp
-- Installing: /var/www/html/install/mirs_msgs/include/mirs_msgs/mirs_msgs/srv/detail/simple_command__struct.hpp
-- Installing: /var/www/html/install/mirs_msgs/include/mirs_msgs/mirs_msgs/srv/detail/number_command__type_support.hpp
-- Installing: /var/www/html/install/mirs_msgs/include/mirs_msgs/mirs_msgs/srv/detail/parameter_update__traits.hpp
-- Installing: /var/www/html/install/mirs_msgs/include/mirs_msgs/mirs_msgs/srv/params.hpp
-- Installing: /var/www/html/install/mirs_msgs/include/mirs_msgs/mirs_msgs/srv/parameter_update.hpp
-- Up-to-date: /var/www/html/install/mirs_msgs/include/mirs_msgs/mirs_msgs/action
-- Up-to-date: /var/www/html/install/mirs_msgs/include/mirs_msgs/mirs_msgs/action/detail
-- Installing: /var/www/html/install/mirs_msgs/include/mirs_msgs/mirs_msgs/action/detail/trigger__builder.hpp
-- Installing: /var/www/html/install/mirs_msgs/include/mirs_msgs/mirs_msgs/action/detail/trigger__type_support.hpp
-- Installing: /var/www/html/install/mirs_msgs/include/mirs_msgs/mirs_msgs/action/detail/parameter_trigger__builder.hpp
-- Installing: /var/www/html/install/mirs_msgs/include/mirs_msgs/mirs_msgs/action/detail/trigger__traits.hpp
-- Installing: /var/www/html/install/mirs_msgs/include/mirs_msgs/mirs_msgs/action/detail/trigger__struct.hpp
-- Installing: /var/www/html/install/mirs_msgs/include/mirs_msgs/mirs_msgs/action/detail/parameter_trigger__type_support.hpp
-- Installing: /var/www/html/install/mirs_msgs/include/mirs_msgs/mirs_msgs/action/detail/parameter_trigger__traits.hpp
-- Installing: /var/www/html/install/mirs_msgs/include/mirs_msgs/mirs_msgs/action/detail/parameter_trigger__struct.hpp
-- Installing: /var/www/html/install/mirs_msgs/include/mirs_msgs/mirs_msgs/action/trigger.hpp
-- Installing: /var/www/html/install/mirs_msgs/include/mirs_msgs/mirs_msgs/action/parameter_trigger.hpp
-- Up-to-date: /var/www/html/install/mirs_msgs/include/mirs_msgs/mirs_msgs/msg
-- Installing: /var/www/html/install/mirs_msgs/include/mirs_msgs/mirs_msgs/msg/basic_param.hpp
-- Up-to-date: /var/www/html/install/mirs_msgs/include/mirs_msgs/mirs_msgs/msg/detail
-- Installing: /var/www/html/install/mirs_msgs/include/mirs_msgs/mirs_msgs/msg/detail/basic_param__traits.hpp
-- Installing: /var/www/html/install/mirs_msgs/include/mirs_msgs/mirs_msgs/msg/detail/basic_param__builder.hpp
-- Installing: /var/www/html/install/mirs_msgs/include/mirs_msgs/mirs_msgs/msg/detail/basic_param__struct.hpp
-- Installing: /var/www/html/install/mirs_msgs/include/mirs_msgs/mirs_msgs/msg/detail/basic_param__type_support.hpp
-- Installing: /var/www/html/install/mirs_msgs/include/mirs_msgs/mirs_msgs/msg/rosidl_generator_cpp__visibility_control.hpp
-- Up-to-date: /var/www/html/install/mirs_msgs/include/mirs_msgs/mirs_msgs
-- Up-to-date: /var/www/html/install/mirs_msgs/include/mirs_msgs/mirs_msgs/srv
-- Up-to-date: /var/www/html/install/mirs_msgs/include/mirs_msgs/mirs_msgs/srv/detail
-- Installing: /var/www/html/install/mirs_msgs/include/mirs_msgs/mirs_msgs/srv/detail/number_command__rosidl_typesupport_fastrtps_cpp.hpp
-- Installing: /var/www/html/install/mirs_msgs/include/mirs_msgs/mirs_msgs/srv/detail/basic_command__rosidl_typesupport_fastrtps_cpp.hpp
-- Installing: /var/www/html/install/mirs_msgs/include/mirs_msgs/mirs_msgs/srv/detail/parameter_update__rosidl_typesupport_fastrtps_cpp.hpp
-- Installing: /var/www/html/install/mirs_msgs/include/mirs_msgs/mirs_msgs/srv/detail/params__rosidl_typesupport_fastrtps_cpp.hpp
-- Installing: /var/www/html/install/mirs_msgs/include/mirs_msgs/mirs_msgs/srv/detail/simple_command__rosidl_typesupport_fastrtps_cpp.hpp
-- Installing: /var/www/html/install/mirs_msgs/include/mirs_msgs/mirs_msgs/srv/detail/dds_fastrtps
-- Up-to-date: /var/www/html/install/mirs_msgs/include/mirs_msgs/mirs_msgs/action
-- Up-to-date: /var/www/html/install/mirs_msgs/include/mirs_msgs/mirs_msgs/action/detail
-- Installing: /var/www/html/install/mirs_msgs/include/mirs_msgs/mirs_msgs/action/detail/parameter_trigger__rosidl_typesupport_fastrtps_cpp.hpp
-- Installing: /var/www/html/install/mirs_msgs/include/mirs_msgs/mirs_msgs/action/detail/trigger__rosidl_typesupport_fastrtps_cpp.hpp
-- Installing: /var/www/html/install/mirs_msgs/include/mirs_msgs/mirs_msgs/action/detail/dds_fastrtps
-- Up-to-date: /var/www/html/install/mirs_msgs/include/mirs_msgs/mirs_msgs/msg
-- Installing: /var/www/html/install/mirs_msgs/include/mirs_msgs/mirs_msgs/msg/rosidl_typesupport_fastrtps_cpp__visibility_control.h
-- Up-to-date: /var/www/html/install/mirs_msgs/include/mirs_msgs/mirs_msgs/msg/detail
-- Installing: /var/www/html/install/mirs_msgs/include/mirs_msgs/mirs_msgs/msg/detail/basic_param__rosidl_typesupport_fastrtps_cpp.hpp
-- Installing: /var/www/html/install/mirs_msgs/include/mirs_msgs/mirs_msgs/msg/detail/dds_fastrtps
-- Installing: /var/www/html/install/mirs_msgs/lib/libmirs_msgs__rosidl_typesupport_fastrtps_cpp.so
-- Set runtime path of "/var/www/html/install/mirs_msgs/lib/libmirs_msgs__rosidl_typesupport_fastrtps_cpp.so" to ""
-- Up-to-date: /var/www/html/install/mirs_msgs/include/mirs_msgs/mirs_msgs
-- Up-to-date: /var/www/html/install/mirs_msgs/include/mirs_msgs/mirs_msgs/srv
-- Up-to-date: /var/www/html/install/mirs_msgs/include/mirs_msgs/mirs_msgs/srv/detail
-- Installing: /var/www/html/install/mirs_msgs/include/mirs_msgs/mirs_msgs/srv/detail/parameter_update__type_support.cpp
-- Installing: /var/www/html/install/mirs_msgs/include/mirs_msgs/mirs_msgs/srv/detail/basic_command__type_support.cpp
-- Installing: /var/www/html/install/mirs_msgs/include/mirs_msgs/mirs_msgs/srv/detail/simple_command__type_support.cpp
-- Installing: /var/www/html/install/mirs_msgs/include/mirs_msgs/mirs_msgs/srv/detail/number_command__type_support.cpp
-- Installing: /var/www/html/install/mirs_msgs/include/mirs_msgs/mirs_msgs/srv/detail/params__type_support.cpp
-- Installing: /var/www/html/install/mirs_msgs/include/mirs_msgs/mirs_msgs/srv/detail/parameter_update__rosidl_typesupport_introspection_cpp.hpp
-- Installing: /var/www/html/install/mirs_msgs/include/mirs_msgs/mirs_msgs/srv/detail/simple_command__rosidl_typesupport_introspection_cpp.hpp
-- Installing: /var/www/html/install/mirs_msgs/include/mirs_msgs/mirs_msgs/srv/detail/params__rosidl_typesupport_introspection_cpp.hpp
-- Installing: /var/www/html/install/mirs_msgs/include/mirs_msgs/mirs_msgs/srv/detail/basic_command__rosidl_typesupport_introspection_cpp.hpp
-- Installing: /var/www/html/install/mirs_msgs/include/mirs_msgs/mirs_msgs/srv/detail/number_command__rosidl_typesupport_introspection_cpp.hpp
-- Up-to-date: /var/www/html/install/mirs_msgs/include/mirs_msgs/mirs_msgs/action
-- Up-to-date: /var/www/html/install/mirs_msgs/include/mirs_msgs/mirs_msgs/action/detail
-- Installing: /var/www/html/install/mirs_msgs/include/mirs_msgs/mirs_msgs/action/detail/trigger__type_support.cpp
-- Installing: /var/www/html/install/mirs_msgs/include/mirs_msgs/mirs_msgs/action/detail/parameter_trigger__type_support.cpp
-- Installing: /var/www/html/install/mirs_msgs/include/mirs_msgs/mirs_msgs/action/detail/parameter_trigger__rosidl_typesupport_introspection_cpp.hpp
-- Installing: /var/www/html/install/mirs_msgs/include/mirs_msgs/mirs_msgs/action/detail/trigger__rosidl_typesupport_introspection_cpp.hpp
-- Up-to-date: /var/www/html/install/mirs_msgs/include/mirs_msgs/mirs_msgs/msg
-- Up-to-date: /var/www/html/install/mirs_msgs/include/mirs_msgs/mirs_msgs/msg/detail
-- Installing: /var/www/html/install/mirs_msgs/include/mirs_msgs/mirs_msgs/msg/detail/basic_param__rosidl_typesupport_introspection_cpp.hpp
-- Installing: /var/www/html/install/mirs_msgs/include/mirs_msgs/mirs_msgs/msg/detail/basic_param__type_support.cpp
-- Installing: /var/www/html/install/mirs_msgs/lib/libmirs_msgs__rosidl_typesupport_introspection_cpp.so
-- Set runtime path of "/var/www/html/install/mirs_msgs/lib/libmirs_msgs__rosidl_typesupport_introspection_cpp.so" to ""
-- Installing: /var/www/html/install/mirs_msgs/lib/libmirs_msgs__rosidl_typesupport_cpp.so
-- Set runtime path of "/var/www/html/install/mirs_msgs/lib/libmirs_msgs__rosidl_typesupport_cpp.so" to ""
-- Installing: /var/www/html/install/mirs_msgs/share/mirs_msgs/environment/pythonpath.sh
-- Installing: /var/www/html/install/mirs_msgs/share/mirs_msgs/environment/pythonpath.dsv
-- Installing: /var/www/html/install/mirs_msgs/local/lib/python3.10/dist-packages/mirs_msgs-0.0.1-py3.10.egg-info
-- Installing: /var/www/html/install/mirs_msgs/local/lib/python3.10/dist-packages/mirs_msgs-0.0.1-py3.10.egg-info/PKG-INFO
-- Installing: /var/www/html/install/mirs_msgs/local/lib/python3.10/dist-packages/mirs_msgs-0.0.1-py3.10.egg-info/dependency_links.txt
-- Installing: /var/www/html/install/mirs_msgs/local/lib/python3.10/dist-packages/mirs_msgs-0.0.1-py3.10.egg-info/SOURCES.txt
-- Installing: /var/www/html/install/mirs_msgs/local/lib/python3.10/dist-packages/mirs_msgs-0.0.1-py3.10.egg-info/top_level.txt
-- Installing: /var/www/html/install/mirs_msgs/local/lib/python3.10/dist-packages/mirs_msgs
-- Installing: /var/www/html/install/mirs_msgs/local/lib/python3.10/dist-packages/mirs_msgs/_mirs_msgs_s.ep.rosidl_typesupport_c.c
-- Installing: /var/www/html/install/mirs_msgs/local/lib/python3.10/dist-packages/mirs_msgs/srv
-- Installing: /var/www/html/install/mirs_msgs/local/lib/python3.10/dist-packages/mirs_msgs/srv/_basic_command_s.c
-- Installing: /var/www/html/install/mirs_msgs/local/lib/python3.10/dist-packages/mirs_msgs/srv/_parameter_update_s.c
-- Installing: /var/www/html/install/mirs_msgs/local/lib/python3.10/dist-packages/mirs_msgs/srv/_parameter_update.py
-- Installing: /var/www/html/install/mirs_msgs/local/lib/python3.10/dist-packages/mirs_msgs/srv/_simple_command.py
-- Installing: /var/www/html/install/mirs_msgs/local/lib/python3.10/dist-packages/mirs_msgs/srv/_simple_command_s.c
-- Installing: /var/www/html/install/mirs_msgs/local/lib/python3.10/dist-packages/mirs_msgs/srv/__init__.py
-- Installing: /var/www/html/install/mirs_msgs/local/lib/python3.10/dist-packages/mirs_msgs/srv/_params_s.c
-- Installing: /var/www/html/install/mirs_msgs/local/lib/python3.10/dist-packages/mirs_msgs/srv/_number_command.py
-- Installing: /var/www/html/install/mirs_msgs/local/lib/python3.10/dist-packages/mirs_msgs/srv/_basic_command.py
-- Installing: /var/www/html/install/mirs_msgs/local/lib/python3.10/dist-packages/mirs_msgs/srv/_params.py
-- Installing: /var/www/html/install/mirs_msgs/local/lib/python3.10/dist-packages/mirs_msgs/srv/_number_command_s.c
-- Installing: /var/www/html/install/mirs_msgs/local/lib/python3.10/dist-packages/mirs_msgs/libmirs_msgs__rosidl_generator_py.so
-- Installing: /var/www/html/install/mirs_msgs/local/lib/python3.10/dist-packages/mirs_msgs/mirs_msgs_s__rosidl_typesupport_c.cpython-310-x86_64-linux-gnu.so
-- Installing: /var/www/html/install/mirs_msgs/local/lib/python3.10/dist-packages/mirs_msgs/action
-- Installing: /var/www/html/install/mirs_msgs/local/lib/python3.10/dist-packages/mirs_msgs/action/_trigger_s.c
-- Installing: /var/www/html/install/mirs_msgs/local/lib/python3.10/dist-packages/mirs_msgs/action/_parameter_trigger.py
-- Installing: /var/www/html/install/mirs_msgs/local/lib/python3.10/dist-packages/mirs_msgs/action/__init__.py
-- Installing: /var/www/html/install/mirs_msgs/local/lib/python3.10/dist-packages/mirs_msgs/action/_trigger.py
-- Installing: /var/www/html/install/mirs_msgs/local/lib/python3.10/dist-packages/mirs_msgs/action/_parameter_trigger_s.c
-- Installing: /var/www/html/install/mirs_msgs/local/lib/python3.10/dist-packages/mirs_msgs/mirs_msgs_s__rosidl_typesupport_introspection_c.cpython-310-x86_64-linux-gnu.so
-- Installing: /var/www/html/install/mirs_msgs/local/lib/python3.10/dist-packages/mirs_msgs/__init__.py
-- Installing: /var/www/html/install/mirs_msgs/local/lib/python3.10/dist-packages/mirs_msgs/msg
-- Installing: /var/www/html/install/mirs_msgs/local/lib/python3.10/dist-packages/mirs_msgs/msg/_basic_param_s.c
-- Installing: /var/www/html/install/mirs_msgs/local/lib/python3.10/dist-packages/mirs_msgs/msg/__init__.py
-- Installing: /var/www/html/install/mirs_msgs/local/lib/python3.10/dist-packages/mirs_msgs/msg/_basic_param.py
-- Installing: /var/www/html/install/mirs_msgs/local/lib/python3.10/dist-packages/mirs_msgs/_mirs_msgs_s.ep.rosidl_typesupport_introspection_c.c
-- Installing: /var/www/html/install/mirs_msgs/local/lib/python3.10/dist-packages/mirs_msgs/_mirs_msgs_s.ep.rosidl_typesupport_fastrtps_c.c
-- Installing: /var/www/html/install/mirs_msgs/local/lib/python3.10/dist-packages/mirs_msgs/mirs_msgs_s__rosidl_typesupport_fastrtps_c.cpython-310-x86_64-linux-gnu.so
Listing '/var/www/html/install/mirs_msgs/local/lib/python3.10/dist-packages/mirs_msgs'...
Compiling '/var/www/html/install/mirs_msgs/local/lib/python3.10/dist-packages/mirs_msgs/__init__.py'...
Listing '/var/www/html/install/mirs_msgs/local/lib/python3.10/dist-packages/mirs_msgs/action'...
Compiling '/var/www/html/install/mirs_msgs/local/lib/python3.10/dist-packages/mirs_msgs/action/__init__.py'...
Compiling '/var/www/html/install/mirs_msgs/local/lib/python3.10/dist-packages/mirs_msgs/action/_parameter_trigger.py'...
Compiling '/var/www/html/install/mirs_msgs/local/lib/python3.10/dist-packages/mirs_msgs/action/_trigger.py'...
Listing '/var/www/html/install/mirs_msgs/local/lib/python3.10/dist-packages/mirs_msgs/msg'...
Compiling '/var/www/html/install/mirs_msgs/local/lib/python3.10/dist-packages/mirs_msgs/msg/__init__.py'...
Compiling '/var/www/html/install/mirs_msgs/local/lib/python3.10/dist-packages/mirs_msgs/msg/_basic_param.py'...
Listing '/var/www/html/install/mirs_msgs/local/lib/python3.10/dist-packages/mirs_msgs/srv'...
Compiling '/var/www/html/install/mirs_msgs/local/lib/python3.10/dist-packages/mirs_msgs/srv/__init__.py'...
Compiling '/var/www/html/install/mirs_msgs/local/lib/python3.10/dist-packages/mirs_msgs/srv/_basic_command.py'...
Compiling '/var/www/html/install/mirs_msgs/local/lib/python3.10/dist-packages/mirs_msgs/srv/_number_command.py'...
Compiling '/var/www/html/install/mirs_msgs/local/lib/python3.10/dist-packages/mirs_msgs/srv/_parameter_update.py'...
Compiling '/var/www/html/install/mirs_msgs/local/lib/python3.10/dist-packages/mirs_msgs/srv/_params.py'...
Compiling '/var/www/html/install/mirs_msgs/local/lib/python3.10/dist-packages/mirs_msgs/srv/_simple_command.py'...
-- Installing: /var/www/html/install/mirs_msgs/local/lib/python3.10/dist-packages/mirs_msgs/mirs_msgs_s__rosidl_typesupport_fastrtps_c.cpython-310-x86_64-linux-gnu.so
-- Set runtime path of "/var/www/html/install/mirs_msgs/local/lib/python3.10/dist-packages/mirs_msgs/mirs_msgs_s__rosidl_typesupport_fastrtps_c.cpython-310-x86_64-linux-gnu.so" to ""
-- Installing: /var/www/html/install/mirs_msgs/local/lib/python3.10/dist-packages/mirs_msgs/mirs_msgs_s__rosidl_typesupport_introspection_c.cpython-310-x86_64-linux-gnu.so
-- Set runtime path of "/var/www/html/install/mirs_msgs/local/lib/python3.10/dist-packages/mirs_msgs/mirs_msgs_s__rosidl_typesupport_introspection_c.cpython-310-x86_64-linux-gnu.so" to ""
-- Installing: /var/www/html/install/mirs_msgs/local/lib/python3.10/dist-packages/mirs_msgs/mirs_msgs_s__rosidl_typesupport_c.cpython-310-x86_64-linux-gnu.so
-- Set runtime path of "/var/www/html/install/mirs_msgs/local/lib/python3.10/dist-packages/mirs_msgs/mirs_msgs_s__rosidl_typesupport_c.cpython-310-x86_64-linux-gnu.so" to ""
-- Installing: /var/www/html/install/mirs_msgs/lib/libmirs_msgs__rosidl_generator_py.so
-- Set runtime path of "/var/www/html/install/mirs_msgs/lib/libmirs_msgs__rosidl_generator_py.so" to ""
-- Installing: /var/www/html/install/mirs_msgs/share/mirs_msgs/srv/Params.idl
-- Installing: /var/www/html/install/mirs_msgs/share/mirs_msgs/srv/ParameterUpdate.idl
-- Installing: /var/www/html/install/mirs_msgs/share/mirs_msgs/srv/SimpleCommand.idl
-- Installing: /var/www/html/install/mirs_msgs/share/mirs_msgs/srv/BasicCommand.idl
-- Installing: /var/www/html/install/mirs_msgs/share/mirs_msgs/srv/NumberCommand.idl
-- Installing: /var/www/html/install/mirs_msgs/share/mirs_msgs/msg/BasicParam.idl
-- Installing: /var/www/html/install/mirs_msgs/share/mirs_msgs/action/Trigger.idl
-- Installing: /var/www/html/install/mirs_msgs/share/mirs_msgs/action/ParameterTrigger.idl
-- Installing: /var/www/html/install/mirs_msgs/share/mirs_msgs/srv/Params.srv
-- Installing: /var/www/html/install/mirs_msgs/share/mirs_msgs/srv/Params_Request.msg
-- Installing: /var/www/html/install/mirs_msgs/share/mirs_msgs/srv/Params_Response.msg
-- Installing: /var/www/html/install/mirs_msgs/share/mirs_msgs/srv/ParameterUpdate.srv
-- Installing: /var/www/html/install/mirs_msgs/share/mirs_msgs/srv/ParameterUpdate_Request.msg
-- Installing: /var/www/html/install/mirs_msgs/share/mirs_msgs/srv/ParameterUpdate_Response.msg
-- Installing: /var/www/html/install/mirs_msgs/share/mirs_msgs/srv/SimpleCommand.srv
-- Installing: /var/www/html/install/mirs_msgs/share/mirs_msgs/srv/SimpleCommand_Request.msg
-- Installing: /var/www/html/install/mirs_msgs/share/mirs_msgs/srv/SimpleCommand_Response.msg
-- Installing: /var/www/html/install/mirs_msgs/share/mirs_msgs/srv/BasicCommand.srv
-- Installing: /var/www/html/install/mirs_msgs/share/mirs_msgs/srv/BasicCommand_Request.msg
-- Installing: /var/www/html/install/mirs_msgs/share/mirs_msgs/srv/BasicCommand_Response.msg
-- Installing: /var/www/html/install/mirs_msgs/share/mirs_msgs/srv/NumberCommand.srv
-- Installing: /var/www/html/install/mirs_msgs/share/mirs_msgs/srv/NumberCommand_Request.msg
-- Installing: /var/www/html/install/mirs_msgs/share/mirs_msgs/srv/NumberCommand_Response.msg
-- Installing: /var/www/html/install/mirs_msgs/share/mirs_msgs/msg/BasicParam.msg
-- Installing: /var/www/html/install/mirs_msgs/share/mirs_msgs/action/Trigger.action
-- Installing: /var/www/html/install/mirs_msgs/share/mirs_msgs/action/ParameterTrigger.action
-- Installing: /var/www/html/install/mirs_msgs/share/ament_index/resource_index/package_run_dependencies/mirs_msgs
-- Installing: /var/www/html/install/mirs_msgs/share/ament_index/resource_index/parent_prefix_path/mirs_msgs
-- Installing: /var/www/html/install/mirs_msgs/share/mirs_msgs/environment/ament_prefix_path.sh
-- Installing: /var/www/html/install/mirs_msgs/share/mirs_msgs/environment/ament_prefix_path.dsv
-- Installing: /var/www/html/install/mirs_msgs/share/mirs_msgs/environment/path.sh
-- Installing: /var/www/html/install/mirs_msgs/share/mirs_msgs/environment/path.dsv
-- Installing: /var/www/html/install/mirs_msgs/share/mirs_msgs/local_setup.bash
-- Installing: /var/www/html/install/mirs_msgs/share/mirs_msgs/local_setup.sh
-- Installing: /var/www/html/install/mirs_msgs/share/mirs_msgs/local_setup.zsh
-- Installing: /var/www/html/install/mirs_msgs/share/mirs_msgs/local_setup.dsv
-- Installing: /var/www/html/install/mirs_msgs/share/mirs_msgs/package.dsv
-- Installing: /var/www/html/install/mirs_msgs/share/ament_index/resource_index/packages/mirs_msgs
-- Installing: /var/www/html/install/mirs_msgs/share/mirs_msgs/cmake/export_mirs_msgs__rosidl_generator_cExport.cmake
-- Installing: /var/www/html/install/mirs_msgs/share/mirs_msgs/cmake/export_mirs_msgs__rosidl_generator_cExport-noconfig.cmake
-- Installing: /var/www/html/install/mirs_msgs/share/mirs_msgs/cmake/export_mirs_msgs__rosidl_typesupport_fastrtps_cExport.cmake
-- Installing: /var/www/html/install/mirs_msgs/share/mirs_msgs/cmake/export_mirs_msgs__rosidl_typesupport_fastrtps_cExport-noconfig.cmake
-- Installing: /var/www/html/install/mirs_msgs/share/mirs_msgs/cmake/mirs_msgs__rosidl_typesupport_introspection_cExport.cmake
-- Installing: /var/www/html/install/mirs_msgs/share/mirs_msgs/cmake/mirs_msgs__rosidl_typesupport_introspection_cExport-noconfig.cmake
-- Installing: /var/www/html/install/mirs_msgs/share/mirs_msgs/cmake/mirs_msgs__rosidl_typesupport_cExport.cmake
-- Installing: /var/www/html/install/mirs_msgs/share/mirs_msgs/cmake/mirs_msgs__rosidl_typesupport_cExport-noconfig.cmake
-- Installing: /var/www/html/install/mirs_msgs/share/mirs_msgs/cmake/export_mirs_msgs__rosidl_generator_cppExport.cmake
-- Installing: /var/www/html/install/mirs_msgs/share/mirs_msgs/cmake/export_mirs_msgs__rosidl_typesupport_fastrtps_cppExport.cmake
-- Installing: /var/www/html/install/mirs_msgs/share/mirs_msgs/cmake/export_mirs_msgs__rosidl_typesupport_fastrtps_cppExport-noconfig.cmake
-- Installing: /var/www/html/install/mirs_msgs/share/mirs_msgs/cmake/mirs_msgs__rosidl_typesupport_introspection_cppExport.cmake
-- Installing: /var/www/html/install/mirs_msgs/share/mirs_msgs/cmake/mirs_msgs__rosidl_typesupport_introspection_cppExport-noconfig.cmake
-- Installing: /var/www/html/install/mirs_msgs/share/mirs_msgs/cmake/mirs_msgs__rosidl_typesupport_cppExport.cmake
-- Installing: /var/www/html/install/mirs_msgs/share/mirs_msgs/cmake/mirs_msgs__rosidl_typesupport_cppExport-noconfig.cmake
-- Installing: /var/www/html/install/mirs_msgs/share/mirs_msgs/cmake/export_mirs_msgs__rosidl_generator_pyExport.cmake
-- Installing: /var/www/html/install/mirs_msgs/share/mirs_msgs/cmake/export_mirs_msgs__rosidl_generator_pyExport-noconfig.cmake
-- Installing: /var/www/html/install/mirs_msgs/share/mirs_msgs/cmake/rosidl_cmake-extras.cmake
-- Installing: /var/www/html/install/mirs_msgs/share/mirs_msgs/cmake/ament_cmake_export_dependencies-extras.cmake
-- Installing: /var/www/html/install/mirs_msgs/share/mirs_msgs/cmake/ament_cmake_export_include_directories-extras.cmake
-- Installing: /var/www/html/install/mirs_msgs/share/mirs_msgs/cmake/ament_cmake_export_libraries-extras.cmake
-- Installing: /var/www/html/install/mirs_msgs/share/mirs_msgs/cmake/ament_cmake_export_targets-extras.cmake
-- Installing: /var/www/html/install/mirs_msgs/share/mirs_msgs/cmake/rosidl_cmake_export_typesupport_targets-extras.cmake
-- Installing: /var/www/html/install/mirs_msgs/share/mirs_msgs/cmake/rosidl_cmake_export_typesupport_libraries-extras.cmake
-- Installing: /var/www/html/install/mirs_msgs/share/mirs_msgs/cmake/mirs_msgsConfig.cmake
-- Installing: /var/www/html/install/mirs_msgs/share/mirs_msgs/cmake/mirs_msgsConfig-version.cmake
-- Installing: /var/www/html/install/mirs_msgs/share/mirs_msgs/package.xml
