[0.032s] Invoking command in '/var/www/html/build/mirs_msgs': CMAKE_PREFIX_PATH=/home/d21136/nav2_ws/install/my_navigation_pkg:/home/d21136/nav2_ws/install/my_action_pkg:/opt/ros/humble:${CMAKE_PREFIX_PATH} /usr/bin/cmake /var/www/html/mirs_msgs/mirs_msgs -DCMAKE_INSTALL_PREFIX=/var/www/html/install/mirs_msgs
[0.943s] -- The C compiler identification is GNU 11.4.0
[2.111s] -- The CXX compiler identification is GNU 11.4.0
[2.614s] -- Detecting C compiler ABI info
[2.902s] -- Detecting C compiler ABI info - done
[2.908s] -- Check for working C compiler: /usr/bin/cc - skipped
[2.910s] -- Detecting C compile features
[2.911s] -- Detecting C compile features - done
[2.916s] -- Detecting CXX compiler ABI info
[3.223s] -- Detecting CXX compiler ABI info - done
[3.229s] -- Check for working CXX compiler: /usr/bin/c++ - skipped
[3.229s] -- Detecting CXX compile features
[3.230s] -- Detecting CXX compile features - done
[3.262s] -- Found ament_cmake: 1.3.11 (/opt/ros/humble/share/ament_cmake/cmake)
[3.793s] -- Found Python3: /usr/bin/python3 (found version "3.10.12") found components: Interpreter 
[3.936s] -- Found rosidl_default_generators: 1.2.0 (/opt/ros/humble/share/rosidl_default_generators/cmake)
[3.944s] -- Using all available rosidl_typesupport_c: rosidl_typesupport_fastrtps_c;rosidl_typesupport_introspection_c
[3.959s] -- Found rosidl_adapter: 3.1.6 (/opt/ros/humble/share/rosidl_adapter/cmake)
[4.238s] -- Using all available rosidl_typesupport_cpp: rosidl_typesupport_fastrtps_cpp;rosidl_typesupport_introspection_cpp
[4.869s] -- Found ament_cmake_ros: 0.10.0 (/opt/ros/humble/share/ament_cmake_ros/cmake)
[5.143s] -- Using all available rosidl_typesupport_c: rosidl_typesupport_fastrtps_c;rosidl_typesupport_introspection_c
[5.434s] -- Using all available rosidl_typesupport_cpp: rosidl_typesupport_fastrtps_cpp;rosidl_typesupport_introspection_cpp
[5.661s] -- Found PythonInterp: /usr/bin/python3 (found suitable version "3.10.12", minimum required is "3.6") 
[5.666s] -- Found python_cmake_module: 0.10.0 (/opt/ros/humble/share/python_cmake_module/cmake)
[6.335s] -- Found PythonLibs: /usr/lib/x86_64-linux-gnu/libpython3.10.so (found suitable version "3.10.12", minimum required is "3.5") 
[6.335s] -- Using PYTHON_EXECUTABLE: /usr/bin/python3
[6.335s] -- Using PYTHON_INCLUDE_DIRS: /usr/include/python3.10
[6.335s] -- Using PYTHON_LIBRARIES: /usr/lib/x86_64-linux-gnu/libpython3.10.so
[6.355s] -- Found PythonExtra: .so  
[6.490s] -- Configuring done
[6.552s] -- Generating done
[6.568s] -- Build files have been written to: /var/www/html/build/mirs_msgs
[6.577s] Invoked command in '/var/www/html/build/mirs_msgs' returned '0': CMAKE_PREFIX_PATH=/home/d21136/nav2_ws/install/my_navigation_pkg:/home/d21136/nav2_ws/install/my_action_pkg:/opt/ros/humble:${CMAKE_PREFIX_PATH} /usr/bin/cmake /var/www/html/mirs_msgs/mirs_msgs -DCMAKE_INSTALL_PREFIX=/var/www/html/install/mirs_msgs
[6.581s] Invoking command in '/var/www/html/build/mirs_msgs': CMAKE_PREFIX_PATH=/home/d21136/nav2_ws/install/my_navigation_pkg:/home/d21136/nav2_ws/install/my_action_pkg:/opt/ros/humble:${CMAKE_PREFIX_PATH} /usr/bin/cmake --build /var/www/html/build/mirs_msgs -- -j8 -l8
[6.621s] [  1%] [34m[1mGenerating C code for ROS interfaces[0m
[6.631s] [  2%] [34m[1mGenerating C++ code for ROS interfaces[0m
[6.641s] [  2%] Built target ament_cmake_python_copy_mirs_msgs
[7.141s] running egg_info
[7.143s] creating mirs_msgs.egg-info
[7.159s] writing mirs_msgs.egg-info/PKG-INFO
[7.159s] writing dependency_links to mirs_msgs.egg-info/dependency_links.txt
[7.160s] writing top-level names to mirs_msgs.egg-info/top_level.txt
[7.161s] writing manifest file 'mirs_msgs.egg-info/SOURCES.txt'
[7.221s] reading manifest file 'mirs_msgs.egg-info/SOURCES.txt'
[7.222s] writing manifest file 'mirs_msgs.egg-info/SOURCES.txt'
[7.259s] [  2%] Built target ament_cmake_python_build_mirs_msgs_egg
[8.544s] [  3%] [32mBuilding C object CMakeFiles/mirs_msgs__rosidl_generator_c.dir/rosidl_generator_c/mirs_msgs/srv/detail/params__functions.c.o[0m
[8.570s] [  4%] [32mBuilding C object CMakeFiles/mirs_msgs__rosidl_generator_c.dir/rosidl_generator_c/mirs_msgs/srv/detail/parameter_update__functions.c.o[0m
[8.571s] [  5%] [32mBuilding C object CMakeFiles/mirs_msgs__rosidl_generator_c.dir/rosidl_generator_c/mirs_msgs/srv/detail/simple_command__functions.c.o[0m
[8.581s] [  6%] [32mBuilding C object CMakeFiles/mirs_msgs__rosidl_generator_c.dir/rosidl_generator_c/mirs_msgs/srv/detail/basic_command__functions.c.o[0m
[8.591s] [  8%] [32mBuilding C object CMakeFiles/mirs_msgs__rosidl_generator_c.dir/rosidl_generator_c/mirs_msgs/srv/detail/number_command__functions.c.o[0m
[8.601s] [  9%] [32mBuilding C object CMakeFiles/mirs_msgs__rosidl_generator_c.dir/rosidl_generator_c/mirs_msgs/msg/detail/basic_param__functions.c.o[0m
[8.603s] [  9%] Built target mirs_msgs__cpp
[8.604s] [ 10%] [32mBuilding C object CMakeFiles/mirs_msgs__rosidl_generator_c.dir/rosidl_generator_c/mirs_msgs/action/detail/trigger__functions.c.o[0m
[8.617s] [ 11%] [32mBuilding C object CMakeFiles/mirs_msgs__rosidl_generator_c.dir/rosidl_generator_c/mirs_msgs/action/detail/parameter_trigger__functions.c.o[0m
[8.724s] [ 12%] [34m[1mGenerating C++ type support dispatch for ROS interfaces[0m
[8.729s] [ 13%] [34m[1mGenerating C++ type support for eProsima Fast-RTPS[0m
[8.733s] [ 14%] [34m[1mGenerating C++ introspection for ROS interfaces[0m
[8.842s] [ 16%] [32m[1mLinking C shared library libmirs_msgs__rosidl_generator_c.so[0m
[9.103s] [ 16%] Built target mirs_msgs__rosidl_generator_c
[9.119s] [ 17%] [34m[1mGenerating C introspection for ROS interfaces[0m
[9.121s] [ 18%] [34m[1mGenerating C type support for eProsima Fast-RTPS[0m
[9.163s] [ 19%] [34m[1mGenerating C type support dispatch for ROS interfaces[0m
[10.168s] [ 20%] [32mBuilding CXX object CMakeFiles/mirs_msgs__rosidl_typesupport_cpp.dir/rosidl_typesupport_cpp/mirs_msgs/srv/params__type_support.cpp.o[0m
[10.170s] [ 21%] [32mBuilding CXX object CMakeFiles/mirs_msgs__rosidl_typesupport_cpp.dir/rosidl_typesupport_cpp/mirs_msgs/srv/simple_command__type_support.cpp.o[0m
[10.170s] [ 22%] [32mBuilding CXX object CMakeFiles/mirs_msgs__rosidl_typesupport_cpp.dir/rosidl_typesupport_cpp/mirs_msgs/srv/parameter_update__type_support.cpp.o[0m
[10.988s] [ 24%] [32mBuilding CXX object CMakeFiles/mirs_msgs__rosidl_typesupport_introspection_cpp.dir/rosidl_typesupport_introspection_cpp/mirs_msgs/srv/detail/params__type_support.cpp.o[0m
[11.036s] [ 25%] [32mBuilding CXX object CMakeFiles/mirs_msgs__rosidl_typesupport_c.dir/rosidl_typesupport_c/mirs_msgs/srv/params__type_support.cpp.o[0m
[11.174s] [ 26%] [32mBuilding CXX object CMakeFiles/mirs_msgs__rosidl_typesupport_c.dir/rosidl_typesupport_c/mirs_msgs/srv/parameter_update__type_support.cpp.o[0m
[11.246s] [ 27%] [32mBuilding CXX object CMakeFiles/mirs_msgs__rosidl_typesupport_c.dir/rosidl_typesupport_c/mirs_msgs/srv/simple_command__type_support.cpp.o[0m
[11.360s] [ 28%] [32mBuilding CXX object CMakeFiles/mirs_msgs__rosidl_typesupport_c.dir/rosidl_typesupport_c/mirs_msgs/srv/basic_command__type_support.cpp.o[0m
[11.458s] [ 29%] [32mBuilding CXX object CMakeFiles/mirs_msgs__rosidl_typesupport_c.dir/rosidl_typesupport_c/mirs_msgs/srv/number_command__type_support.cpp.o[0m
[11.503s] [ 31%] [32mBuilding CXX object CMakeFiles/mirs_msgs__rosidl_typesupport_cpp.dir/rosidl_typesupport_cpp/mirs_msgs/srv/basic_command__type_support.cpp.o[0m
[11.522s] [ 32%] [32mBuilding CXX object CMakeFiles/mirs_msgs__rosidl_typesupport_c.dir/rosidl_typesupport_c/mirs_msgs/msg/basic_param__type_support.cpp.o[0m
[11.541s] [ 33%] [32mBuilding CXX object CMakeFiles/mirs_msgs__rosidl_typesupport_fastrtps_cpp.dir/rosidl_typesupport_fastrtps_cpp/mirs_msgs/srv/detail/dds_fastrtps/params__type_support.cpp.o[0m
[11.574s] [ 34%] [32mBuilding C object CMakeFiles/mirs_msgs__rosidl_typesupport_introspection_c.dir/rosidl_typesupport_introspection_c/mirs_msgs/srv/detail/params__type_support.c.o[0m
[11.576s] [ 35%] [32mBuilding CXX object CMakeFiles/mirs_msgs__rosidl_typesupport_c.dir/rosidl_typesupport_c/mirs_msgs/action/trigger__type_support.cpp.o[0m
[11.590s] [ 36%] [32mBuilding CXX object CMakeFiles/mirs_msgs__rosidl_typesupport_fastrtps_cpp.dir/rosidl_typesupport_fastrtps_cpp/mirs_msgs/srv/detail/dds_fastrtps/parameter_update__type_support.cpp.o[0m
[11.614s] [ 37%] [32mBuilding CXX object CMakeFiles/mirs_msgs__rosidl_typesupport_cpp.dir/rosidl_typesupport_cpp/mirs_msgs/srv/number_command__type_support.cpp.o[0m
[11.657s] [ 39%] [32mBuilding C object CMakeFiles/mirs_msgs__rosidl_typesupport_introspection_c.dir/rosidl_typesupport_introspection_c/mirs_msgs/srv/detail/parameter_update__type_support.c.o[0m
[11.717s] [ 40%] [32mBuilding CXX object CMakeFiles/mirs_msgs__rosidl_typesupport_c.dir/rosidl_typesupport_c/mirs_msgs/action/parameter_trigger__type_support.cpp.o[0m
[11.765s] [ 41%] [32mBuilding C object CMakeFiles/mirs_msgs__rosidl_typesupport_introspection_c.dir/rosidl_typesupport_introspection_c/mirs_msgs/srv/detail/simple_command__type_support.c.o[0m
[11.833s] [ 42%] [32m[1mLinking CXX shared library libmirs_msgs__rosidl_typesupport_c.so[0m
[11.835s] [ 43%] [32mBuilding C object CMakeFiles/mirs_msgs__rosidl_typesupport_introspection_c.dir/rosidl_typesupport_introspection_c/mirs_msgs/srv/detail/basic_command__type_support.c.o[0m
[11.906s] [ 44%] [32mBuilding C object CMakeFiles/mirs_msgs__rosidl_typesupport_introspection_c.dir/rosidl_typesupport_introspection_c/mirs_msgs/srv/detail/number_command__type_support.c.o[0m
[11.947s] [ 45%] [32mBuilding CXX object CMakeFiles/mirs_msgs__rosidl_typesupport_fastrtps_c.dir/rosidl_typesupport_fastrtps_c/mirs_msgs/srv/detail/params__type_support_c.cpp.o[0m
[11.977s] [ 47%] [32mBuilding C object CMakeFiles/mirs_msgs__rosidl_typesupport_introspection_c.dir/rosidl_typesupport_introspection_c/mirs_msgs/msg/detail/basic_param__type_support.c.o[0m
[12.037s] [ 48%] [32mBuilding C object CMakeFiles/mirs_msgs__rosidl_typesupport_introspection_c.dir/rosidl_typesupport_introspection_c/mirs_msgs/action/detail/trigger__type_support.c.o[0m
[12.163s] [ 49%] [32mBuilding C object CMakeFiles/mirs_msgs__rosidl_typesupport_introspection_c.dir/rosidl_typesupport_introspection_c/mirs_msgs/action/detail/parameter_trigger__type_support.c.o[0m
[12.228s] [ 50%] [32mBuilding CXX object CMakeFiles/mirs_msgs__rosidl_typesupport_introspection_cpp.dir/rosidl_typesupport_introspection_cpp/mirs_msgs/srv/detail/parameter_update__type_support.cpp.o[0m
[12.234s] [ 51%] [32mBuilding CXX object CMakeFiles/mirs_msgs__rosidl_typesupport_cpp.dir/rosidl_typesupport_cpp/mirs_msgs/msg/basic_param__type_support.cpp.o[0m
[12.241s] [ 51%] Built target mirs_msgs__rosidl_typesupport_c
[12.275s] [ 52%] [32mBuilding CXX object CMakeFiles/mirs_msgs__rosidl_typesupport_cpp.dir/rosidl_typesupport_cpp/mirs_msgs/action/trigger__type_support.cpp.o[0m
[12.297s] [ 54%] [32m[1mLinking C shared library libmirs_msgs__rosidl_typesupport_introspection_c.so[0m
[12.453s] [ 55%] [32mBuilding CXX object CMakeFiles/mirs_msgs__rosidl_typesupport_cpp.dir/rosidl_typesupport_cpp/mirs_msgs/action/parameter_trigger__type_support.cpp.o[0m
[12.856s] [ 55%] Built target mirs_msgs__rosidl_typesupport_introspection_c
[12.899s] [ 56%] [32mBuilding CXX object CMakeFiles/mirs_msgs__rosidl_typesupport_introspection_cpp.dir/rosidl_typesupport_introspection_cpp/mirs_msgs/srv/detail/simple_command__type_support.cpp.o[0m
[13.096s] [ 57%] [32mBuilding CXX object CMakeFiles/mirs_msgs__rosidl_typesupport_fastrtps_cpp.dir/rosidl_typesupport_fastrtps_cpp/mirs_msgs/srv/detail/dds_fastrtps/simple_command__type_support.cpp.o[0m
[13.097s] [ 58%] [32mBuilding CXX object CMakeFiles/mirs_msgs__rosidl_typesupport_fastrtps_cpp.dir/rosidl_typesupport_fastrtps_cpp/mirs_msgs/srv/detail/dds_fastrtps/basic_command__type_support.cpp.o[0m
[13.116s] [ 59%] [32mBuilding CXX object CMakeFiles/mirs_msgs__rosidl_typesupport_fastrtps_cpp.dir/rosidl_typesupport_fastrtps_cpp/mirs_msgs/srv/detail/dds_fastrtps/number_command__type_support.cpp.o[0m
[13.170s] [ 60%] [32mBuilding CXX object CMakeFiles/mirs_msgs__rosidl_typesupport_fastrtps_c.dir/rosidl_typesupport_fastrtps_c/mirs_msgs/srv/detail/parameter_update__type_support_c.cpp.o[0m
[13.525s] [ 62%] [32mBuilding CXX object CMakeFiles/mirs_msgs__rosidl_typesupport_introspection_cpp.dir/rosidl_typesupport_introspection_cpp/mirs_msgs/srv/detail/basic_command__type_support.cpp.o[0m
[13.797s] [ 63%] [32mBuilding CXX object CMakeFiles/mirs_msgs__rosidl_typesupport_introspection_cpp.dir/rosidl_typesupport_introspection_cpp/mirs_msgs/srv/detail/number_command__type_support.cpp.o[0m
[13.936s] [ 64%] [32m[1mLinking CXX shared library libmirs_msgs__rosidl_typesupport_cpp.so[0m
[14.170s] [ 65%] [32mBuilding CXX object CMakeFiles/mirs_msgs__rosidl_typesupport_introspection_cpp.dir/rosidl_typesupport_introspection_cpp/mirs_msgs/msg/detail/basic_param__type_support.cpp.o[0m
[14.372s] [ 65%] Built target mirs_msgs__rosidl_typesupport_cpp
[14.374s] [ 66%] [32mBuilding CXX object CMakeFiles/mirs_msgs__rosidl_typesupport_fastrtps_c.dir/rosidl_typesupport_fastrtps_c/mirs_msgs/srv/detail/simple_command__type_support_c.cpp.o[0m
[14.388s] [ 67%] [32mBuilding CXX object CMakeFiles/mirs_msgs__rosidl_typesupport_fastrtps_c.dir/rosidl_typesupport_fastrtps_c/mirs_msgs/srv/detail/basic_command__type_support_c.cpp.o[0m
[14.429s] [ 68%] [32mBuilding CXX object CMakeFiles/mirs_msgs__rosidl_typesupport_fastrtps_cpp.dir/rosidl_typesupport_fastrtps_cpp/mirs_msgs/msg/detail/dds_fastrtps/basic_param__type_support.cpp.o[0m
[14.473s] [ 70%] [32mBuilding CXX object CMakeFiles/mirs_msgs__rosidl_typesupport_fastrtps_cpp.dir/rosidl_typesupport_fastrtps_cpp/mirs_msgs/action/detail/dds_fastrtps/trigger__type_support.cpp.o[0m
[14.514s] [ 71%] [32mBuilding CXX object CMakeFiles/mirs_msgs__rosidl_typesupport_fastrtps_cpp.dir/rosidl_typesupport_fastrtps_cpp/mirs_msgs/action/detail/dds_fastrtps/parameter_trigger__type_support.cpp.o[0m
[14.540s] [ 72%] [32mBuilding CXX object CMakeFiles/mirs_msgs__rosidl_typesupport_introspection_cpp.dir/rosidl_typesupport_introspection_cpp/mirs_msgs/action/detail/trigger__type_support.cpp.o[0m
[14.724s] [ 73%] [32mBuilding CXX object CMakeFiles/mirs_msgs__rosidl_typesupport_introspection_cpp.dir/rosidl_typesupport_introspection_cpp/mirs_msgs/action/detail/parameter_trigger__type_support.cpp.o[0m
[15.124s] [ 74%] [32mBuilding CXX object CMakeFiles/mirs_msgs__rosidl_typesupport_fastrtps_c.dir/rosidl_typesupport_fastrtps_c/mirs_msgs/srv/detail/number_command__type_support_c.cpp.o[0m
[15.159s] [ 75%] [32mBuilding CXX object CMakeFiles/mirs_msgs__rosidl_typesupport_fastrtps_c.dir/rosidl_typesupport_fastrtps_c/mirs_msgs/msg/detail/basic_param__type_support_c.cpp.o[0m
[15.313s] [ 77%] [32mBuilding CXX object CMakeFiles/mirs_msgs__rosidl_typesupport_fastrtps_c.dir/rosidl_typesupport_fastrtps_c/mirs_msgs/action/detail/trigger__type_support_c.cpp.o[0m
[15.707s] [ 78%] [32mBuilding CXX object CMakeFiles/mirs_msgs__rosidl_typesupport_fastrtps_c.dir/rosidl_typesupport_fastrtps_c/mirs_msgs/action/detail/parameter_trigger__type_support_c.cpp.o[0m
[16.523s] [ 79%] [32m[1mLinking CXX shared library libmirs_msgs__rosidl_typesupport_fastrtps_cpp.so[0m
[16.524s] [ 80%] [32m[1mLinking CXX shared library libmirs_msgs__rosidl_typesupport_introspection_cpp.so[0m
[16.805s] [ 80%] Built target mirs_msgs__rosidl_typesupport_fastrtps_cpp
[16.806s] [ 80%] Built target mirs_msgs__rosidl_typesupport_introspection_cpp
[16.835s] [ 81%] [32m[1mLinking CXX shared library libmirs_msgs__rosidl_typesupport_fastrtps_c.so[0m
[17.217s] [ 81%] Built target mirs_msgs__rosidl_typesupport_fastrtps_c
[17.244s] [ 81%] Built target mirs_msgs
[17.269s] [ 82%] [34m[1mGenerating Python code for ROS interfaces[0m
[20.626s] [ 82%] Built target mirs_msgs__py
[20.653s] [ 83%] [32mBuilding C object CMakeFiles/mirs_msgs__rosidl_generator_py.dir/rosidl_generator_py/mirs_msgs/srv/_params_s.c.o[0m
[20.657s] [ 85%] [32mBuilding C object CMakeFiles/mirs_msgs__rosidl_generator_py.dir/rosidl_generator_py/mirs_msgs/srv/_parameter_update_s.c.o[0m
[20.665s] [ 87%] [32mBuilding C object CMakeFiles/mirs_msgs__rosidl_generator_py.dir/rosidl_generator_py/mirs_msgs/srv/_number_command_s.c.o[0m
[20.665s] [ 87%] [32mBuilding C object CMakeFiles/mirs_msgs__rosidl_generator_py.dir/rosidl_generator_py/mirs_msgs/srv/_basic_command_s.c.o[0m
[20.667s] [ 88%] [32mBuilding C object CMakeFiles/mirs_msgs__rosidl_generator_py.dir/rosidl_generator_py/mirs_msgs/srv/_simple_command_s.c.o[0m
[20.670s] [ 89%] [32mBuilding C object CMakeFiles/mirs_msgs__rosidl_generator_py.dir/rosidl_generator_py/mirs_msgs/msg/_basic_param_s.c.o[0m
[20.673s] [ 90%] [32mBuilding C object CMakeFiles/mirs_msgs__rosidl_generator_py.dir/rosidl_generator_py/mirs_msgs/action/_parameter_trigger_s.c.o[0m
[20.674s] [ 91%] [32mBuilding C object CMakeFiles/mirs_msgs__rosidl_generator_py.dir/rosidl_generator_py/mirs_msgs/action/_trigger_s.c.o[0m
[21.089s] [ 93%] [32m[1mLinking C shared library rosidl_generator_py/mirs_msgs/libmirs_msgs__rosidl_generator_py.so[0m
[21.327s] [ 93%] Built target mirs_msgs__rosidl_generator_py
[21.345s] [ 94%] [32mBuilding C object CMakeFiles/mirs_msgs__rosidl_typesupport_fastrtps_c__pyext.dir/rosidl_generator_py/mirs_msgs/_mirs_msgs_s.ep.rosidl_typesupport_fastrtps_c.c.o[0m
[21.347s] [ 95%] [32mBuilding C object CMakeFiles/mirs_msgs__rosidl_typesupport_introspection_c__pyext.dir/rosidl_generator_py/mirs_msgs/_mirs_msgs_s.ep.rosidl_typesupport_introspection_c.c.o[0m
[21.349s] [ 96%] [32mBuilding C object CMakeFiles/mirs_msgs__rosidl_typesupport_c__pyext.dir/rosidl_generator_py/mirs_msgs/_mirs_msgs_s.ep.rosidl_typesupport_c.c.o[0m
[21.641s] [ 97%] [32m[1mLinking C shared library rosidl_generator_py/mirs_msgs/mirs_msgs_s__rosidl_typesupport_c.cpython-310-x86_64-linux-gnu.so[0m
[21.649s] [ 98%] [32m[1mLinking C shared library rosidl_generator_py/mirs_msgs/mirs_msgs_s__rosidl_typesupport_fastrtps_c.cpython-310-x86_64-linux-gnu.so[0m
[21.649s] [100%] [32m[1mLinking C shared library rosidl_generator_py/mirs_msgs/mirs_msgs_s__rosidl_typesupport_introspection_c.cpython-310-x86_64-linux-gnu.so[0m
[21.858s] [100%] Built target mirs_msgs__rosidl_typesupport_c__pyext
[21.860s] [100%] Built target mirs_msgs__rosidl_typesupport_fastrtps_c__pyext
[21.866s] [100%] Built target mirs_msgs__rosidl_typesupport_introspection_c__pyext
[21.887s] Invoked command in '/var/www/html/build/mirs_msgs' returned '0': CMAKE_PREFIX_PATH=/home/d21136/nav2_ws/install/my_navigation_pkg:/home/d21136/nav2_ws/install/my_action_pkg:/opt/ros/humble:${CMAKE_PREFIX_PATH} /usr/bin/cmake --build /var/www/html/build/mirs_msgs -- -j8 -l8
[21.900s] Invoking command in '/var/www/html/build/mirs_msgs': CMAKE_PREFIX_PATH=/home/d21136/nav2_ws/install/my_navigation_pkg:/home/d21136/nav2_ws/install/my_action_pkg:/opt/ros/humble:${CMAKE_PREFIX_PATH} /usr/bin/cmake --install /var/www/html/build/mirs_msgs
[21.908s] -- Install configuration: ""
[21.908s] -- Installing: /var/www/html/install/mirs_msgs/share/ament_index/resource_index/rosidl_interfaces/mirs_msgs
[21.909s] -- Installing: /var/www/html/install/mirs_msgs/include/mirs_msgs/mirs_msgs
[21.909s] -- Installing: /var/www/html/install/mirs_msgs/include/mirs_msgs/mirs_msgs/srv
[21.909s] -- Installing: /var/www/html/install/mirs_msgs/include/mirs_msgs/mirs_msgs/srv/basic_command.h
[21.910s] -- Installing: /var/www/html/install/mirs_msgs/include/mirs_msgs/mirs_msgs/srv/simple_command.h
[21.910s] -- Installing: /var/www/html/install/mirs_msgs/include/mirs_msgs/mirs_msgs/srv/number_command.h
[21.910s] -- Installing: /var/www/html/install/mirs_msgs/include/mirs_msgs/mirs_msgs/srv/detail
[21.910s] -- Installing: /var/www/html/install/mirs_msgs/include/mirs_msgs/mirs_msgs/srv/detail/simple_command__functions.h
[21.910s] -- Installing: /var/www/html/install/mirs_msgs/include/mirs_msgs/mirs_msgs/srv/detail/parameter_update__type_support.h
[21.911s] -- Installing: /var/www/html/install/mirs_msgs/include/mirs_msgs/mirs_msgs/srv/detail/params__struct.h
[21.911s] -- Installing: /var/www/html/install/mirs_msgs/include/mirs_msgs/mirs_msgs/srv/detail/simple_command__struct.h
[21.911s] -- Installing: /var/www/html/install/mirs_msgs/include/mirs_msgs/mirs_msgs/srv/detail/number_command__functions.h
[21.911s] -- Installing: /var/www/html/install/mirs_msgs/include/mirs_msgs/mirs_msgs/srv/detail/simple_command__functions.c
[21.911s] -- Installing: /var/www/html/install/mirs_msgs/include/mirs_msgs/mirs_msgs/srv/detail/parameter_update__functions.h
[21.911s] -- Installing: /var/www/html/install/mirs_msgs/include/mirs_msgs/mirs_msgs/srv/detail/params__functions.c
[21.912s] -- Installing: /var/www/html/install/mirs_msgs/include/mirs_msgs/mirs_msgs/srv/detail/number_command__functions.c
[21.912s] -- Installing: /var/www/html/install/mirs_msgs/include/mirs_msgs/mirs_msgs/srv/detail/basic_command__struct.h
[21.912s] -- Installing: /var/www/html/install/mirs_msgs/include/mirs_msgs/mirs_msgs/srv/detail/parameter_update__functions.c
[21.912s] -- Installing: /var/www/html/install/mirs_msgs/include/mirs_msgs/mirs_msgs/srv/detail/parameter_update__struct.h
[21.912s] -- Installing: /var/www/html/install/mirs_msgs/include/mirs_msgs/mirs_msgs/srv/detail/basic_command__type_support.h
[21.912s] -- Installing: /var/www/html/install/mirs_msgs/include/mirs_msgs/mirs_msgs/srv/detail/basic_command__functions.h
[21.913s] -- Installing: /var/www/html/install/mirs_msgs/include/mirs_msgs/mirs_msgs/srv/detail/simple_command__type_support.h
[21.913s] -- Installing: /var/www/html/install/mirs_msgs/include/mirs_msgs/mirs_msgs/srv/detail/params__type_support.h
[21.913s] -- Installing: /var/www/html/install/mirs_msgs/include/mirs_msgs/mirs_msgs/srv/detail/number_command__type_support.h
[21.913s] -- Installing: /var/www/html/install/mirs_msgs/include/mirs_msgs/mirs_msgs/srv/detail/number_command__struct.h
[21.914s] -- Installing: /var/www/html/install/mirs_msgs/include/mirs_msgs/mirs_msgs/srv/detail/basic_command__functions.c
[21.914s] -- Installing: /var/www/html/install/mirs_msgs/include/mirs_msgs/mirs_msgs/srv/detail/params__functions.h
[21.914s] -- Installing: /var/www/html/install/mirs_msgs/include/mirs_msgs/mirs_msgs/srv/params.h
[21.914s] -- Installing: /var/www/html/install/mirs_msgs/include/mirs_msgs/mirs_msgs/srv/parameter_update.h
[21.914s] -- Installing: /var/www/html/install/mirs_msgs/include/mirs_msgs/mirs_msgs/action
[21.915s] -- Installing: /var/www/html/install/mirs_msgs/include/mirs_msgs/mirs_msgs/action/detail
[21.915s] -- Installing: /var/www/html/install/mirs_msgs/include/mirs_msgs/mirs_msgs/action/detail/trigger__functions.c
[21.915s] -- Installing: /var/www/html/install/mirs_msgs/include/mirs_msgs/mirs_msgs/action/detail/trigger__functions.h
[21.915s] -- Installing: /var/www/html/install/mirs_msgs/include/mirs_msgs/mirs_msgs/action/detail/parameter_trigger__type_support.h
[21.915s] -- Installing: /var/www/html/install/mirs_msgs/include/mirs_msgs/mirs_msgs/action/detail/trigger__struct.h
[21.916s] -- Installing: /var/www/html/install/mirs_msgs/include/mirs_msgs/mirs_msgs/action/detail/parameter_trigger__functions.h
[21.916s] -- Installing: /var/www/html/install/mirs_msgs/include/mirs_msgs/mirs_msgs/action/detail/parameter_trigger__struct.h
[21.916s] -- Installing: /var/www/html/install/mirs_msgs/include/mirs_msgs/mirs_msgs/action/detail/parameter_trigger__functions.c
[21.916s] -- Installing: /var/www/html/install/mirs_msgs/include/mirs_msgs/mirs_msgs/action/detail/trigger__type_support.h
[21.916s] -- Installing: /var/www/html/install/mirs_msgs/include/mirs_msgs/mirs_msgs/action/trigger.h
[21.917s] -- Installing: /var/www/html/install/mirs_msgs/include/mirs_msgs/mirs_msgs/action/parameter_trigger.h
[21.917s] -- Installing: /var/www/html/install/mirs_msgs/include/mirs_msgs/mirs_msgs/msg
[21.917s] -- Installing: /var/www/html/install/mirs_msgs/include/mirs_msgs/mirs_msgs/msg/basic_param.h
[21.917s] -- Installing: /var/www/html/install/mirs_msgs/include/mirs_msgs/mirs_msgs/msg/detail
[21.917s] -- Installing: /var/www/html/install/mirs_msgs/include/mirs_msgs/mirs_msgs/msg/detail/basic_param__struct.h
[21.918s] -- Installing: /var/www/html/install/mirs_msgs/include/mirs_msgs/mirs_msgs/msg/detail/basic_param__type_support.h
[21.918s] -- Installing: /var/www/html/install/mirs_msgs/include/mirs_msgs/mirs_msgs/msg/detail/basic_param__functions.h
[21.918s] -- Installing: /var/www/html/install/mirs_msgs/include/mirs_msgs/mirs_msgs/msg/detail/basic_param__functions.c
[21.918s] -- Installing: /var/www/html/install/mirs_msgs/include/mirs_msgs/mirs_msgs/msg/rosidl_generator_c__visibility_control.h
[21.918s] -- Installing: /var/www/html/install/mirs_msgs/share/mirs_msgs/environment/library_path.sh
[21.919s] -- Installing: /var/www/html/install/mirs_msgs/share/mirs_msgs/environment/library_path.dsv
[21.919s] -- Installing: /var/www/html/install/mirs_msgs/lib/libmirs_msgs__rosidl_generator_c.so
[21.919s] -- Set runtime path of "/var/www/html/install/mirs_msgs/lib/libmirs_msgs__rosidl_generator_c.so" to ""
[21.919s] -- Up-to-date: /var/www/html/install/mirs_msgs/include/mirs_msgs/mirs_msgs
[21.919s] -- Up-to-date: /var/www/html/install/mirs_msgs/include/mirs_msgs/mirs_msgs/srv
[21.920s] -- Up-to-date: /var/www/html/install/mirs_msgs/include/mirs_msgs/mirs_msgs/srv/detail
[21.920s] -- Installing: /var/www/html/install/mirs_msgs/include/mirs_msgs/mirs_msgs/srv/detail/number_command__rosidl_typesupport_fastrtps_c.h
[21.920s] -- Installing: /var/www/html/install/mirs_msgs/include/mirs_msgs/mirs_msgs/srv/detail/params__rosidl_typesupport_fastrtps_c.h
[21.920s] -- Installing: /var/www/html/install/mirs_msgs/include/mirs_msgs/mirs_msgs/srv/detail/simple_command__rosidl_typesupport_fastrtps_c.h
[21.920s] -- Installing: /var/www/html/install/mirs_msgs/include/mirs_msgs/mirs_msgs/srv/detail/parameter_update__rosidl_typesupport_fastrtps_c.h
[21.921s] -- Installing: /var/www/html/install/mirs_msgs/include/mirs_msgs/mirs_msgs/srv/detail/basic_command__rosidl_typesupport_fastrtps_c.h
[21.921s] -- Up-to-date: /var/www/html/install/mirs_msgs/include/mirs_msgs/mirs_msgs/action
[21.921s] -- Up-to-date: /var/www/html/install/mirs_msgs/include/mirs_msgs/mirs_msgs/action/detail
[21.921s] -- Installing: /var/www/html/install/mirs_msgs/include/mirs_msgs/mirs_msgs/action/detail/parameter_trigger__rosidl_typesupport_fastrtps_c.h
[21.921s] -- Installing: /var/www/html/install/mirs_msgs/include/mirs_msgs/mirs_msgs/action/detail/trigger__rosidl_typesupport_fastrtps_c.h
[21.921s] -- Up-to-date: /var/www/html/install/mirs_msgs/include/mirs_msgs/mirs_msgs/msg
[21.922s] -- Installing: /var/www/html/install/mirs_msgs/include/mirs_msgs/mirs_msgs/msg/rosidl_typesupport_fastrtps_c__visibility_control.h
[21.922s] -- Up-to-date: /var/www/html/install/mirs_msgs/include/mirs_msgs/mirs_msgs/msg/detail
[21.922s] -- Installing: /var/www/html/install/mirs_msgs/include/mirs_msgs/mirs_msgs/msg/detail/basic_param__rosidl_typesupport_fastrtps_c.h
[21.922s] -- Installing: /var/www/html/install/mirs_msgs/lib/libmirs_msgs__rosidl_typesupport_fastrtps_c.so
[21.923s] -- Set runtime path of "/var/www/html/install/mirs_msgs/lib/libmirs_msgs__rosidl_typesupport_fastrtps_c.so" to ""
[21.923s] -- Up-to-date: /var/www/html/install/mirs_msgs/include/mirs_msgs/mirs_msgs
[21.923s] -- Up-to-date: /var/www/html/install/mirs_msgs/include/mirs_msgs/mirs_msgs/srv
[21.923s] -- Up-to-date: /var/www/html/install/mirs_msgs/include/mirs_msgs/mirs_msgs/srv/detail
[21.923s] -- Installing: /var/www/html/install/mirs_msgs/include/mirs_msgs/mirs_msgs/srv/detail/params__rosidl_typesupport_introspection_c.h
[21.924s] -- Installing: /var/www/html/install/mirs_msgs/include/mirs_msgs/mirs_msgs/srv/detail/parameter_update__rosidl_typesupport_introspection_c.h
[21.924s] -- Installing: /var/www/html/install/mirs_msgs/include/mirs_msgs/mirs_msgs/srv/detail/number_command__type_support.c
[21.924s] -- Installing: /var/www/html/install/mirs_msgs/include/mirs_msgs/mirs_msgs/srv/detail/simple_command__rosidl_typesupport_introspection_c.h
[21.924s] -- Installing: /var/www/html/install/mirs_msgs/include/mirs_msgs/mirs_msgs/srv/detail/basic_command__type_support.c
[21.924s] -- Installing: /var/www/html/install/mirs_msgs/include/mirs_msgs/mirs_msgs/srv/detail/number_command__rosidl_typesupport_introspection_c.h
[21.925s] -- Installing: /var/www/html/install/mirs_msgs/include/mirs_msgs/mirs_msgs/srv/detail/params__type_support.c
[21.925s] -- Installing: /var/www/html/install/mirs_msgs/include/mirs_msgs/mirs_msgs/srv/detail/parameter_update__type_support.c
[21.925s] -- Installing: /var/www/html/install/mirs_msgs/include/mirs_msgs/mirs_msgs/srv/detail/simple_command__type_support.c
[21.925s] -- Installing: /var/www/html/install/mirs_msgs/include/mirs_msgs/mirs_msgs/srv/detail/basic_command__rosidl_typesupport_introspection_c.h
[21.925s] -- Up-to-date: /var/www/html/install/mirs_msgs/include/mirs_msgs/mirs_msgs/action
[21.926s] -- Up-to-date: /var/www/html/install/mirs_msgs/include/mirs_msgs/mirs_msgs/action/detail
[21.926s] -- Installing: /var/www/html/install/mirs_msgs/include/mirs_msgs/mirs_msgs/action/detail/parameter_trigger__type_support.c
[21.926s] -- Installing: /var/www/html/install/mirs_msgs/include/mirs_msgs/mirs_msgs/action/detail/parameter_trigger__rosidl_typesupport_introspection_c.h
[21.926s] -- Installing: /var/www/html/install/mirs_msgs/include/mirs_msgs/mirs_msgs/action/detail/trigger__type_support.c
[21.926s] -- Installing: /var/www/html/install/mirs_msgs/include/mirs_msgs/mirs_msgs/action/detail/trigger__rosidl_typesupport_introspection_c.h
[21.926s] -- Up-to-date: /var/www/html/install/mirs_msgs/include/mirs_msgs/mirs_msgs/msg
[21.927s] -- Up-to-date: /var/www/html/install/mirs_msgs/include/mirs_msgs/mirs_msgs/msg/detail
[21.927s] -- Installing: /var/www/html/install/mirs_msgs/include/mirs_msgs/mirs_msgs/msg/detail/basic_param__type_support.c
[21.927s] -- Installing: /var/www/html/install/mirs_msgs/include/mirs_msgs/mirs_msgs/msg/detail/basic_param__rosidl_typesupport_introspection_c.h
[21.927s] -- Installing: /var/www/html/install/mirs_msgs/include/mirs_msgs/mirs_msgs/msg/rosidl_typesupport_introspection_c__visibility_control.h
[21.927s] -- Installing: /var/www/html/install/mirs_msgs/lib/libmirs_msgs__rosidl_typesupport_introspection_c.so
[21.928s] -- Set runtime path of "/var/www/html/install/mirs_msgs/lib/libmirs_msgs__rosidl_typesupport_introspection_c.so" to ""
[21.928s] -- Installing: /var/www/html/install/mirs_msgs/lib/libmirs_msgs__rosidl_typesupport_c.so
[21.928s] -- Set runtime path of "/var/www/html/install/mirs_msgs/lib/libmirs_msgs__rosidl_typesupport_c.so" to ""
[21.928s] -- Up-to-date: /var/www/html/install/mirs_msgs/include/mirs_msgs/mirs_msgs
[21.928s] -- Up-to-date: /var/www/html/install/mirs_msgs/include/mirs_msgs/mirs_msgs/srv
[21.929s] -- Installing: /var/www/html/install/mirs_msgs/include/mirs_msgs/mirs_msgs/srv/simple_command.hpp
[21.929s] -- Installing: /var/www/html/install/mirs_msgs/include/mirs_msgs/mirs_msgs/srv/number_command.hpp
[21.929s] -- Installing: /var/www/html/install/mirs_msgs/include/mirs_msgs/mirs_msgs/srv/basic_command.hpp
[21.929s] -- Up-to-date: /var/www/html/install/mirs_msgs/include/mirs_msgs/mirs_msgs/srv/detail
[21.929s] -- Installing: /var/www/html/install/mirs_msgs/include/mirs_msgs/mirs_msgs/srv/detail/basic_command__type_support.hpp
[21.930s] -- Installing: /var/www/html/install/mirs_msgs/include/mirs_msgs/mirs_msgs/srv/detail/parameter_update__type_support.hpp
[21.930s] -- Installing: /var/www/html/install/mirs_msgs/include/mirs_msgs/mirs_msgs/srv/detail/basic_command__struct.hpp
[21.930s] -- Installing: /var/www/html/install/mirs_msgs/include/mirs_msgs/mirs_msgs/srv/detail/params__traits.hpp
[21.930s] -- Installing: /var/www/html/install/mirs_msgs/include/mirs_msgs/mirs_msgs/srv/detail/basic_command__builder.hpp
[21.930s] -- Installing: /var/www/html/install/mirs_msgs/include/mirs_msgs/mirs_msgs/srv/detail/parameter_update__builder.hpp
[21.931s] -- Installing: /var/www/html/install/mirs_msgs/include/mirs_msgs/mirs_msgs/srv/detail/params__builder.hpp
[21.931s] -- Installing: /var/www/html/install/mirs_msgs/include/mirs_msgs/mirs_msgs/srv/detail/params__struct.hpp
[21.931s] -- Installing: /var/www/html/install/mirs_msgs/include/mirs_msgs/mirs_msgs/srv/detail/number_command__builder.hpp
[21.931s] -- Installing: /var/www/html/install/mirs_msgs/include/mirs_msgs/mirs_msgs/srv/detail/simple_command__traits.hpp
[21.931s] -- Installing: /var/www/html/install/mirs_msgs/include/mirs_msgs/mirs_msgs/srv/detail/simple_command__builder.hpp
[21.932s] -- Installing: /var/www/html/install/mirs_msgs/include/mirs_msgs/mirs_msgs/srv/detail/params__type_support.hpp
[21.932s] -- Installing: /var/www/html/install/mirs_msgs/include/mirs_msgs/mirs_msgs/srv/detail/simple_command__type_support.hpp
[21.932s] -- Installing: /var/www/html/install/mirs_msgs/include/mirs_msgs/mirs_msgs/srv/detail/parameter_update__struct.hpp
[21.932s] -- Installing: /var/www/html/install/mirs_msgs/include/mirs_msgs/mirs_msgs/srv/detail/basic_command__traits.hpp
[21.932s] -- Installing: /var/www/html/install/mirs_msgs/include/mirs_msgs/mirs_msgs/srv/detail/number_command__traits.hpp
[21.933s] -- Installing: /var/www/html/install/mirs_msgs/include/mirs_msgs/mirs_msgs/srv/detail/number_command__struct.hpp
[21.933s] -- Installing: /var/www/html/install/mirs_msgs/include/mirs_msgs/mirs_msgs/srv/detail/simple_command__struct.hpp
[21.933s] -- Installing: /var/www/html/install/mirs_msgs/include/mirs_msgs/mirs_msgs/srv/detail/number_command__type_support.hpp
[21.933s] -- Installing: /var/www/html/install/mirs_msgs/include/mirs_msgs/mirs_msgs/srv/detail/parameter_update__traits.hpp
[21.933s] -- Installing: /var/www/html/install/mirs_msgs/include/mirs_msgs/mirs_msgs/srv/params.hpp
[21.934s] -- Installing: /var/www/html/install/mirs_msgs/include/mirs_msgs/mirs_msgs/srv/parameter_update.hpp
[21.934s] -- Up-to-date: /var/www/html/install/mirs_msgs/include/mirs_msgs/mirs_msgs/action
[21.934s] -- Up-to-date: /var/www/html/install/mirs_msgs/include/mirs_msgs/mirs_msgs/action/detail
[21.934s] -- Installing: /var/www/html/install/mirs_msgs/include/mirs_msgs/mirs_msgs/action/detail/trigger__builder.hpp
[21.934s] -- Installing: /var/www/html/install/mirs_msgs/include/mirs_msgs/mirs_msgs/action/detail/trigger__type_support.hpp
[21.935s] -- Installing: /var/www/html/install/mirs_msgs/include/mirs_msgs/mirs_msgs/action/detail/parameter_trigger__builder.hpp
[21.935s] -- Installing: /var/www/html/install/mirs_msgs/include/mirs_msgs/mirs_msgs/action/detail/trigger__traits.hpp
[21.935s] -- Installing: /var/www/html/install/mirs_msgs/include/mirs_msgs/mirs_msgs/action/detail/trigger__struct.hpp
[21.935s] -- Installing: /var/www/html/install/mirs_msgs/include/mirs_msgs/mirs_msgs/action/detail/parameter_trigger__type_support.hpp
[21.935s] -- Installing: /var/www/html/install/mirs_msgs/include/mirs_msgs/mirs_msgs/action/detail/parameter_trigger__traits.hpp
[21.936s] -- Installing: /var/www/html/install/mirs_msgs/include/mirs_msgs/mirs_msgs/action/detail/parameter_trigger__struct.hpp
[21.936s] -- Installing: /var/www/html/install/mirs_msgs/include/mirs_msgs/mirs_msgs/action/trigger.hpp
[21.936s] -- Installing: /var/www/html/install/mirs_msgs/include/mirs_msgs/mirs_msgs/action/parameter_trigger.hpp
[21.936s] -- Up-to-date: /var/www/html/install/mirs_msgs/include/mirs_msgs/mirs_msgs/msg
[21.936s] -- Installing: /var/www/html/install/mirs_msgs/include/mirs_msgs/mirs_msgs/msg/basic_param.hpp
[21.937s] -- Up-to-date: /var/www/html/install/mirs_msgs/include/mirs_msgs/mirs_msgs/msg/detail
[21.937s] -- Installing: /var/www/html/install/mirs_msgs/include/mirs_msgs/mirs_msgs/msg/detail/basic_param__traits.hpp
[21.937s] -- Installing: /var/www/html/install/mirs_msgs/include/mirs_msgs/mirs_msgs/msg/detail/basic_param__builder.hpp
[21.937s] -- Installing: /var/www/html/install/mirs_msgs/include/mirs_msgs/mirs_msgs/msg/detail/basic_param__struct.hpp
[21.937s] -- Installing: /var/www/html/install/mirs_msgs/include/mirs_msgs/mirs_msgs/msg/detail/basic_param__type_support.hpp
[21.938s] -- Installing: /var/www/html/install/mirs_msgs/include/mirs_msgs/mirs_msgs/msg/rosidl_generator_cpp__visibility_control.hpp
[21.938s] -- Up-to-date: /var/www/html/install/mirs_msgs/include/mirs_msgs/mirs_msgs
[21.938s] -- Up-to-date: /var/www/html/install/mirs_msgs/include/mirs_msgs/mirs_msgs/srv
[21.938s] -- Up-to-date: /var/www/html/install/mirs_msgs/include/mirs_msgs/mirs_msgs/srv/detail
[21.938s] -- Installing: /var/www/html/install/mirs_msgs/include/mirs_msgs/mirs_msgs/srv/detail/number_command__rosidl_typesupport_fastrtps_cpp.hpp
[21.938s] -- Installing: /var/www/html/install/mirs_msgs/include/mirs_msgs/mirs_msgs/srv/detail/basic_command__rosidl_typesupport_fastrtps_cpp.hpp
[21.938s] -- Installing: /var/www/html/install/mirs_msgs/include/mirs_msgs/mirs_msgs/srv/detail/parameter_update__rosidl_typesupport_fastrtps_cpp.hpp
[21.938s] -- Installing: /var/www/html/install/mirs_msgs/include/mirs_msgs/mirs_msgs/srv/detail/params__rosidl_typesupport_fastrtps_cpp.hpp
[21.938s] -- Installing: /var/www/html/install/mirs_msgs/include/mirs_msgs/mirs_msgs/srv/detail/simple_command__rosidl_typesupport_fastrtps_cpp.hpp
[21.939s] -- Installing: /var/www/html/install/mirs_msgs/include/mirs_msgs/mirs_msgs/srv/detail/dds_fastrtps
[21.939s] -- Up-to-date: /var/www/html/install/mirs_msgs/include/mirs_msgs/mirs_msgs/action
[21.939s] -- Up-to-date: /var/www/html/install/mirs_msgs/include/mirs_msgs/mirs_msgs/action/detail
[21.939s] -- Installing: /var/www/html/install/mirs_msgs/include/mirs_msgs/mirs_msgs/action/detail/parameter_trigger__rosidl_typesupport_fastrtps_cpp.hpp
[21.939s] -- Installing: /var/www/html/install/mirs_msgs/include/mirs_msgs/mirs_msgs/action/detail/trigger__rosidl_typesupport_fastrtps_cpp.hpp
[21.939s] -- Installing: /var/www/html/install/mirs_msgs/include/mirs_msgs/mirs_msgs/action/detail/dds_fastrtps
[21.939s] -- Up-to-date: /var/www/html/install/mirs_msgs/include/mirs_msgs/mirs_msgs/msg
[21.939s] -- Installing: /var/www/html/install/mirs_msgs/include/mirs_msgs/mirs_msgs/msg/rosidl_typesupport_fastrtps_cpp__visibility_control.h
[21.939s] -- Up-to-date: /var/www/html/install/mirs_msgs/include/mirs_msgs/mirs_msgs/msg/detail
[21.940s] -- Installing: /var/www/html/install/mirs_msgs/include/mirs_msgs/mirs_msgs/msg/detail/basic_param__rosidl_typesupport_fastrtps_cpp.hpp
[21.940s] -- Installing: /var/www/html/install/mirs_msgs/include/mirs_msgs/mirs_msgs/msg/detail/dds_fastrtps
[21.940s] -- Installing: /var/www/html/install/mirs_msgs/lib/libmirs_msgs__rosidl_typesupport_fastrtps_cpp.so
[21.940s] -- Set runtime path of "/var/www/html/install/mirs_msgs/lib/libmirs_msgs__rosidl_typesupport_fastrtps_cpp.so" to ""
[21.940s] -- Up-to-date: /var/www/html/install/mirs_msgs/include/mirs_msgs/mirs_msgs
[21.940s] -- Up-to-date: /var/www/html/install/mirs_msgs/include/mirs_msgs/mirs_msgs/srv
[21.940s] -- Up-to-date: /var/www/html/install/mirs_msgs/include/mirs_msgs/mirs_msgs/srv/detail
[21.941s] -- Installing: /var/www/html/install/mirs_msgs/include/mirs_msgs/mirs_msgs/srv/detail/parameter_update__type_support.cpp
[21.941s] -- Installing: /var/www/html/install/mirs_msgs/include/mirs_msgs/mirs_msgs/srv/detail/basic_command__type_support.cpp
[21.941s] -- Installing: /var/www/html/install/mirs_msgs/include/mirs_msgs/mirs_msgs/srv/detail/simple_command__type_support.cpp
[21.941s] -- Installing: /var/www/html/install/mirs_msgs/include/mirs_msgs/mirs_msgs/srv/detail/number_command__type_support.cpp
[21.941s] -- Installing: /var/www/html/install/mirs_msgs/include/mirs_msgs/mirs_msgs/srv/detail/params__type_support.cpp
[21.941s] -- Installing: /var/www/html/install/mirs_msgs/include/mirs_msgs/mirs_msgs/srv/detail/parameter_update__rosidl_typesupport_introspection_cpp.hpp
[21.942s] -- Installing: /var/www/html/install/mirs_msgs/include/mirs_msgs/mirs_msgs/srv/detail/simple_command__rosidl_typesupport_introspection_cpp.hpp
[21.942s] -- Installing: /var/www/html/install/mirs_msgs/include/mirs_msgs/mirs_msgs/srv/detail/params__rosidl_typesupport_introspection_cpp.hpp
[21.942s] -- Installing: /var/www/html/install/mirs_msgs/include/mirs_msgs/mirs_msgs/srv/detail/basic_command__rosidl_typesupport_introspection_cpp.hpp
[21.942s] -- Installing: /var/www/html/install/mirs_msgs/include/mirs_msgs/mirs_msgs/srv/detail/number_command__rosidl_typesupport_introspection_cpp.hpp
[21.942s] -- Up-to-date: /var/www/html/install/mirs_msgs/include/mirs_msgs/mirs_msgs/action
[21.943s] -- Up-to-date: /var/www/html/install/mirs_msgs/include/mirs_msgs/mirs_msgs/action/detail
[21.943s] -- Installing: /var/www/html/install/mirs_msgs/include/mirs_msgs/mirs_msgs/action/detail/trigger__type_support.cpp
[21.943s] -- Installing: /var/www/html/install/mirs_msgs/include/mirs_msgs/mirs_msgs/action/detail/parameter_trigger__type_support.cpp
[21.943s] -- Installing: /var/www/html/install/mirs_msgs/include/mirs_msgs/mirs_msgs/action/detail/parameter_trigger__rosidl_typesupport_introspection_cpp.hpp
[21.943s] -- Installing: /var/www/html/install/mirs_msgs/include/mirs_msgs/mirs_msgs/action/detail/trigger__rosidl_typesupport_introspection_cpp.hpp
[21.944s] -- Up-to-date: /var/www/html/install/mirs_msgs/include/mirs_msgs/mirs_msgs/msg
[21.944s] -- Up-to-date: /var/www/html/install/mirs_msgs/include/mirs_msgs/mirs_msgs/msg/detail
[21.944s] -- Installing: /var/www/html/install/mirs_msgs/include/mirs_msgs/mirs_msgs/msg/detail/basic_param__rosidl_typesupport_introspection_cpp.hpp
[21.944s] -- Installing: /var/www/html/install/mirs_msgs/include/mirs_msgs/mirs_msgs/msg/detail/basic_param__type_support.cpp
[21.944s] -- Installing: /var/www/html/install/mirs_msgs/lib/libmirs_msgs__rosidl_typesupport_introspection_cpp.so
[21.945s] -- Set runtime path of "/var/www/html/install/mirs_msgs/lib/libmirs_msgs__rosidl_typesupport_introspection_cpp.so" to ""
[21.945s] -- Installing: /var/www/html/install/mirs_msgs/lib/libmirs_msgs__rosidl_typesupport_cpp.so
[21.945s] -- Set runtime path of "/var/www/html/install/mirs_msgs/lib/libmirs_msgs__rosidl_typesupport_cpp.so" to ""
[21.945s] -- Installing: /var/www/html/install/mirs_msgs/share/mirs_msgs/environment/pythonpath.sh
[21.945s] -- Installing: /var/www/html/install/mirs_msgs/share/mirs_msgs/environment/pythonpath.dsv
[21.946s] -- Installing: /var/www/html/install/mirs_msgs/local/lib/python3.10/dist-packages/mirs_msgs-0.0.1-py3.10.egg-info
[21.946s] -- Installing: /var/www/html/install/mirs_msgs/local/lib/python3.10/dist-packages/mirs_msgs-0.0.1-py3.10.egg-info/PKG-INFO
[21.946s] -- Installing: /var/www/html/install/mirs_msgs/local/lib/python3.10/dist-packages/mirs_msgs-0.0.1-py3.10.egg-info/dependency_links.txt
[21.946s] -- Installing: /var/www/html/install/mirs_msgs/local/lib/python3.10/dist-packages/mirs_msgs-0.0.1-py3.10.egg-info/SOURCES.txt
[21.946s] -- Installing: /var/www/html/install/mirs_msgs/local/lib/python3.10/dist-packages/mirs_msgs-0.0.1-py3.10.egg-info/top_level.txt
[21.947s] -- Installing: /var/www/html/install/mirs_msgs/local/lib/python3.10/dist-packages/mirs_msgs
[21.947s] -- Installing: /var/www/html/install/mirs_msgs/local/lib/python3.10/dist-packages/mirs_msgs/_mirs_msgs_s.ep.rosidl_typesupport_c.c
[21.947s] -- Installing: /var/www/html/install/mirs_msgs/local/lib/python3.10/dist-packages/mirs_msgs/srv
[21.947s] -- Installing: /var/www/html/install/mirs_msgs/local/lib/python3.10/dist-packages/mirs_msgs/srv/_basic_command_s.c
[21.947s] -- Installing: /var/www/html/install/mirs_msgs/local/lib/python3.10/dist-packages/mirs_msgs/srv/_parameter_update_s.c
[21.947s] -- Installing: /var/www/html/install/mirs_msgs/local/lib/python3.10/dist-packages/mirs_msgs/srv/_parameter_update.py
[21.947s] -- Installing: /var/www/html/install/mirs_msgs/local/lib/python3.10/dist-packages/mirs_msgs/srv/_simple_command.py
[21.947s] -- Installing: /var/www/html/install/mirs_msgs/local/lib/python3.10/dist-packages/mirs_msgs/srv/_simple_command_s.c
[21.947s] -- Installing: /var/www/html/install/mirs_msgs/local/lib/python3.10/dist-packages/mirs_msgs/srv/__init__.py
[21.947s] -- Installing: /var/www/html/install/mirs_msgs/local/lib/python3.10/dist-packages/mirs_msgs/srv/_params_s.c
[21.948s] -- Installing: /var/www/html/install/mirs_msgs/local/lib/python3.10/dist-packages/mirs_msgs/srv/_number_command.py
[21.948s] -- Installing: /var/www/html/install/mirs_msgs/local/lib/python3.10/dist-packages/mirs_msgs/srv/_basic_command.py
[21.948s] -- Installing: /var/www/html/install/mirs_msgs/local/lib/python3.10/dist-packages/mirs_msgs/srv/_params.py
[21.948s] -- Installing: /var/www/html/install/mirs_msgs/local/lib/python3.10/dist-packages/mirs_msgs/srv/_number_command_s.c
[21.948s] -- Installing: /var/www/html/install/mirs_msgs/local/lib/python3.10/dist-packages/mirs_msgs/libmirs_msgs__rosidl_generator_py.so
[21.948s] -- Installing: /var/www/html/install/mirs_msgs/local/lib/python3.10/dist-packages/mirs_msgs/mirs_msgs_s__rosidl_typesupport_c.cpython-310-x86_64-linux-gnu.so
[21.948s] -- Installing: /var/www/html/install/mirs_msgs/local/lib/python3.10/dist-packages/mirs_msgs/action
[21.948s] -- Installing: /var/www/html/install/mirs_msgs/local/lib/python3.10/dist-packages/mirs_msgs/action/_trigger_s.c
[21.948s] -- Installing: /var/www/html/install/mirs_msgs/local/lib/python3.10/dist-packages/mirs_msgs/action/_parameter_trigger.py
[21.948s] -- Installing: /var/www/html/install/mirs_msgs/local/lib/python3.10/dist-packages/mirs_msgs/action/__init__.py
[21.948s] -- Installing: /var/www/html/install/mirs_msgs/local/lib/python3.10/dist-packages/mirs_msgs/action/_trigger.py
[21.948s] -- Installing: /var/www/html/install/mirs_msgs/local/lib/python3.10/dist-packages/mirs_msgs/action/_parameter_trigger_s.c
[21.948s] -- Installing: /var/www/html/install/mirs_msgs/local/lib/python3.10/dist-packages/mirs_msgs/mirs_msgs_s__rosidl_typesupport_introspection_c.cpython-310-x86_64-linux-gnu.so
[21.948s] -- Installing: /var/www/html/install/mirs_msgs/local/lib/python3.10/dist-packages/mirs_msgs/__init__.py
[21.948s] -- Installing: /var/www/html/install/mirs_msgs/local/lib/python3.10/dist-packages/mirs_msgs/msg
[21.949s] -- Installing: /var/www/html/install/mirs_msgs/local/lib/python3.10/dist-packages/mirs_msgs/msg/_basic_param_s.c
[21.949s] -- Installing: /var/www/html/install/mirs_msgs/local/lib/python3.10/dist-packages/mirs_msgs/msg/__init__.py
[21.949s] -- Installing: /var/www/html/install/mirs_msgs/local/lib/python3.10/dist-packages/mirs_msgs/msg/_basic_param.py
[21.949s] -- Installing: /var/www/html/install/mirs_msgs/local/lib/python3.10/dist-packages/mirs_msgs/_mirs_msgs_s.ep.rosidl_typesupport_introspection_c.c
[21.949s] -- Installing: /var/www/html/install/mirs_msgs/local/lib/python3.10/dist-packages/mirs_msgs/_mirs_msgs_s.ep.rosidl_typesupport_fastrtps_c.c
[21.949s] -- Installing: /var/www/html/install/mirs_msgs/local/lib/python3.10/dist-packages/mirs_msgs/mirs_msgs_s__rosidl_typesupport_fastrtps_c.cpython-310-x86_64-linux-gnu.so
[22.008s] Listing '/var/www/html/install/mirs_msgs/local/lib/python3.10/dist-packages/mirs_msgs'...
[22.008s] Compiling '/var/www/html/install/mirs_msgs/local/lib/python3.10/dist-packages/mirs_msgs/__init__.py'...
[22.008s] Listing '/var/www/html/install/mirs_msgs/local/lib/python3.10/dist-packages/mirs_msgs/action'...
[22.008s] Compiling '/var/www/html/install/mirs_msgs/local/lib/python3.10/dist-packages/mirs_msgs/action/__init__.py'...
[22.008s] Compiling '/var/www/html/install/mirs_msgs/local/lib/python3.10/dist-packages/mirs_msgs/action/_parameter_trigger.py'...
[22.008s] Compiling '/var/www/html/install/mirs_msgs/local/lib/python3.10/dist-packages/mirs_msgs/action/_trigger.py'...
[22.008s] Listing '/var/www/html/install/mirs_msgs/local/lib/python3.10/dist-packages/mirs_msgs/msg'...
[22.009s] Compiling '/var/www/html/install/mirs_msgs/local/lib/python3.10/dist-packages/mirs_msgs/msg/__init__.py'...
[22.009s] Compiling '/var/www/html/install/mirs_msgs/local/lib/python3.10/dist-packages/mirs_msgs/msg/_basic_param.py'...
[22.009s] Listing '/var/www/html/install/mirs_msgs/local/lib/python3.10/dist-packages/mirs_msgs/srv'...
[22.009s] Compiling '/var/www/html/install/mirs_msgs/local/lib/python3.10/dist-packages/mirs_msgs/srv/__init__.py'...
[22.009s] Compiling '/var/www/html/install/mirs_msgs/local/lib/python3.10/dist-packages/mirs_msgs/srv/_basic_command.py'...
[22.009s] Compiling '/var/www/html/install/mirs_msgs/local/lib/python3.10/dist-packages/mirs_msgs/srv/_number_command.py'...
[22.009s] Compiling '/var/www/html/install/mirs_msgs/local/lib/python3.10/dist-packages/mirs_msgs/srv/_parameter_update.py'...
[22.009s] Compiling '/var/www/html/install/mirs_msgs/local/lib/python3.10/dist-packages/mirs_msgs/srv/_params.py'...
[22.009s] Compiling '/var/www/html/install/mirs_msgs/local/lib/python3.10/dist-packages/mirs_msgs/srv/_simple_command.py'...
[22.013s] -- Installing: /var/www/html/install/mirs_msgs/local/lib/python3.10/dist-packages/mirs_msgs/mirs_msgs_s__rosidl_typesupport_fastrtps_c.cpython-310-x86_64-linux-gnu.so
[22.013s] -- Set runtime path of "/var/www/html/install/mirs_msgs/local/lib/python3.10/dist-packages/mirs_msgs/mirs_msgs_s__rosidl_typesupport_fastrtps_c.cpython-310-x86_64-linux-gnu.so" to ""
[22.014s] -- Installing: /var/www/html/install/mirs_msgs/local/lib/python3.10/dist-packages/mirs_msgs/mirs_msgs_s__rosidl_typesupport_introspection_c.cpython-310-x86_64-linux-gnu.so
[22.014s] -- Set runtime path of "/var/www/html/install/mirs_msgs/local/lib/python3.10/dist-packages/mirs_msgs/mirs_msgs_s__rosidl_typesupport_introspection_c.cpython-310-x86_64-linux-gnu.so" to ""
[22.014s] -- Installing: /var/www/html/install/mirs_msgs/local/lib/python3.10/dist-packages/mirs_msgs/mirs_msgs_s__rosidl_typesupport_c.cpython-310-x86_64-linux-gnu.so
[22.014s] -- Set runtime path of "/var/www/html/install/mirs_msgs/local/lib/python3.10/dist-packages/mirs_msgs/mirs_msgs_s__rosidl_typesupport_c.cpython-310-x86_64-linux-gnu.so" to ""
[22.014s] -- Installing: /var/www/html/install/mirs_msgs/lib/libmirs_msgs__rosidl_generator_py.so
[22.014s] -- Set runtime path of "/var/www/html/install/mirs_msgs/lib/libmirs_msgs__rosidl_generator_py.so" to ""
[22.015s] -- Installing: /var/www/html/install/mirs_msgs/share/mirs_msgs/srv/Params.idl
[22.015s] -- Installing: /var/www/html/install/mirs_msgs/share/mirs_msgs/srv/ParameterUpdate.idl
[22.015s] -- Installing: /var/www/html/install/mirs_msgs/share/mirs_msgs/srv/SimpleCommand.idl
[22.015s] -- Installing: /var/www/html/install/mirs_msgs/share/mirs_msgs/srv/BasicCommand.idl
[22.015s] -- Installing: /var/www/html/install/mirs_msgs/share/mirs_msgs/srv/NumberCommand.idl
[22.016s] -- Installing: /var/www/html/install/mirs_msgs/share/mirs_msgs/msg/BasicParam.idl
[22.016s] -- Installing: /var/www/html/install/mirs_msgs/share/mirs_msgs/action/Trigger.idl
[22.016s] -- Installing: /var/www/html/install/mirs_msgs/share/mirs_msgs/action/ParameterTrigger.idl
[22.017s] -- Installing: /var/www/html/install/mirs_msgs/share/mirs_msgs/srv/Params.srv
[22.017s] -- Installing: /var/www/html/install/mirs_msgs/share/mirs_msgs/srv/Params_Request.msg
[22.017s] -- Installing: /var/www/html/install/mirs_msgs/share/mirs_msgs/srv/Params_Response.msg
[22.017s] -- Installing: /var/www/html/install/mirs_msgs/share/mirs_msgs/srv/ParameterUpdate.srv
[22.018s] -- Installing: /var/www/html/install/mirs_msgs/share/mirs_msgs/srv/ParameterUpdate_Request.msg
[22.018s] -- Installing: /var/www/html/install/mirs_msgs/share/mirs_msgs/srv/ParameterUpdate_Response.msg
[22.018s] -- Installing: /var/www/html/install/mirs_msgs/share/mirs_msgs/srv/SimpleCommand.srv
[22.018s] -- Installing: /var/www/html/install/mirs_msgs/share/mirs_msgs/srv/SimpleCommand_Request.msg
[22.019s] -- Installing: /var/www/html/install/mirs_msgs/share/mirs_msgs/srv/SimpleCommand_Response.msg
[22.019s] -- Installing: /var/www/html/install/mirs_msgs/share/mirs_msgs/srv/BasicCommand.srv
[22.019s] -- Installing: /var/www/html/install/mirs_msgs/share/mirs_msgs/srv/BasicCommand_Request.msg
[22.019s] -- Installing: /var/www/html/install/mirs_msgs/share/mirs_msgs/srv/BasicCommand_Response.msg
[22.020s] -- Installing: /var/www/html/install/mirs_msgs/share/mirs_msgs/srv/NumberCommand.srv
[22.020s] -- Installing: /var/www/html/install/mirs_msgs/share/mirs_msgs/srv/NumberCommand_Request.msg
[22.020s] -- Installing: /var/www/html/install/mirs_msgs/share/mirs_msgs/srv/NumberCommand_Response.msg
[22.020s] -- Installing: /var/www/html/install/mirs_msgs/share/mirs_msgs/msg/BasicParam.msg
[22.020s] -- Installing: /var/www/html/install/mirs_msgs/share/mirs_msgs/action/Trigger.action
[22.021s] -- Installing: /var/www/html/install/mirs_msgs/share/mirs_msgs/action/ParameterTrigger.action
[22.021s] -- Installing: /var/www/html/install/mirs_msgs/share/ament_index/resource_index/package_run_dependencies/mirs_msgs
[22.021s] -- Installing: /var/www/html/install/mirs_msgs/share/ament_index/resource_index/parent_prefix_path/mirs_msgs
[22.021s] -- Installing: /var/www/html/install/mirs_msgs/share/mirs_msgs/environment/ament_prefix_path.sh
[22.021s] -- Installing: /var/www/html/install/mirs_msgs/share/mirs_msgs/environment/ament_prefix_path.dsv
[22.021s] -- Installing: /var/www/html/install/mirs_msgs/share/mirs_msgs/environment/path.sh
[22.022s] -- Installing: /var/www/html/install/mirs_msgs/share/mirs_msgs/environment/path.dsv
[22.023s] -- Installing: /var/www/html/install/mirs_msgs/share/mirs_msgs/local_setup.bash
[22.023s] -- Installing: /var/www/html/install/mirs_msgs/share/mirs_msgs/local_setup.sh
[22.023s] -- Installing: /var/www/html/install/mirs_msgs/share/mirs_msgs/local_setup.zsh
[22.023s] -- Installing: /var/www/html/install/mirs_msgs/share/mirs_msgs/local_setup.dsv
[22.023s] -- Installing: /var/www/html/install/mirs_msgs/share/mirs_msgs/package.dsv
[22.023s] -- Installing: /var/www/html/install/mirs_msgs/share/ament_index/resource_index/packages/mirs_msgs
[22.024s] -- Installing: /var/www/html/install/mirs_msgs/share/mirs_msgs/cmake/export_mirs_msgs__rosidl_generator_cExport.cmake
[22.024s] -- Installing: /var/www/html/install/mirs_msgs/share/mirs_msgs/cmake/export_mirs_msgs__rosidl_generator_cExport-noconfig.cmake
[22.024s] -- Installing: /var/www/html/install/mirs_msgs/share/mirs_msgs/cmake/export_mirs_msgs__rosidl_typesupport_fastrtps_cExport.cmake
[22.025s] -- Installing: /var/www/html/install/mirs_msgs/share/mirs_msgs/cmake/export_mirs_msgs__rosidl_typesupport_fastrtps_cExport-noconfig.cmake
[22.025s] -- Installing: /var/www/html/install/mirs_msgs/share/mirs_msgs/cmake/mirs_msgs__rosidl_typesupport_introspection_cExport.cmake
[22.025s] -- Installing: /var/www/html/install/mirs_msgs/share/mirs_msgs/cmake/mirs_msgs__rosidl_typesupport_introspection_cExport-noconfig.cmake
[22.025s] -- Installing: /var/www/html/install/mirs_msgs/share/mirs_msgs/cmake/mirs_msgs__rosidl_typesupport_cExport.cmake
[22.025s] -- Installing: /var/www/html/install/mirs_msgs/share/mirs_msgs/cmake/mirs_msgs__rosidl_typesupport_cExport-noconfig.cmake
[22.026s] -- Installing: /var/www/html/install/mirs_msgs/share/mirs_msgs/cmake/export_mirs_msgs__rosidl_generator_cppExport.cmake
[22.026s] -- Installing: /var/www/html/install/mirs_msgs/share/mirs_msgs/cmake/export_mirs_msgs__rosidl_typesupport_fastrtps_cppExport.cmake
[22.026s] -- Installing: /var/www/html/install/mirs_msgs/share/mirs_msgs/cmake/export_mirs_msgs__rosidl_typesupport_fastrtps_cppExport-noconfig.cmake
[22.026s] -- Installing: /var/www/html/install/mirs_msgs/share/mirs_msgs/cmake/mirs_msgs__rosidl_typesupport_introspection_cppExport.cmake
[22.027s] -- Installing: /var/www/html/install/mirs_msgs/share/mirs_msgs/cmake/mirs_msgs__rosidl_typesupport_introspection_cppExport-noconfig.cmake
[22.027s] -- Installing: /var/www/html/install/mirs_msgs/share/mirs_msgs/cmake/mirs_msgs__rosidl_typesupport_cppExport.cmake
[22.027s] -- Installing: /var/www/html/install/mirs_msgs/share/mirs_msgs/cmake/mirs_msgs__rosidl_typesupport_cppExport-noconfig.cmake
[22.027s] -- Installing: /var/www/html/install/mirs_msgs/share/mirs_msgs/cmake/export_mirs_msgs__rosidl_generator_pyExport.cmake
[22.027s] -- Installing: /var/www/html/install/mirs_msgs/share/mirs_msgs/cmake/export_mirs_msgs__rosidl_generator_pyExport-noconfig.cmake
[22.028s] -- Installing: /var/www/html/install/mirs_msgs/share/mirs_msgs/cmake/rosidl_cmake-extras.cmake
[22.028s] -- Installing: /var/www/html/install/mirs_msgs/share/mirs_msgs/cmake/ament_cmake_export_dependencies-extras.cmake
[22.028s] -- Installing: /var/www/html/install/mirs_msgs/share/mirs_msgs/cmake/ament_cmake_export_include_directories-extras.cmake
[22.028s] -- Installing: /var/www/html/install/mirs_msgs/share/mirs_msgs/cmake/ament_cmake_export_libraries-extras.cmake
[22.028s] -- Installing: /var/www/html/install/mirs_msgs/share/mirs_msgs/cmake/ament_cmake_export_targets-extras.cmake
[22.029s] -- Installing: /var/www/html/install/mirs_msgs/share/mirs_msgs/cmake/rosidl_cmake_export_typesupport_targets-extras.cmake
[22.029s] -- Installing: /var/www/html/install/mirs_msgs/share/mirs_msgs/cmake/rosidl_cmake_export_typesupport_libraries-extras.cmake
[22.029s] -- Installing: /var/www/html/install/mirs_msgs/share/mirs_msgs/cmake/mirs_msgsConfig.cmake
[22.030s] -- Installing: /var/www/html/install/mirs_msgs/share/mirs_msgs/cmake/mirs_msgsConfig-version.cmake
[22.030s] -- Installing: /var/www/html/install/mirs_msgs/share/mirs_msgs/package.xml
[22.032s] Invoked command in '/var/www/html/build/mirs_msgs' returned '0': CMAKE_PREFIX_PATH=/home/d21136/nav2_ws/install/my_navigation_pkg:/home/d21136/nav2_ws/install/my_action_pkg:/opt/ros/humble:${CMAKE_PREFIX_PATH} /usr/bin/cmake --install /var/www/html/build/mirs_msgs
